{"/Users/wangchanghao/Projects/AIJournal/webapp/src/hooks/use-voice-agent.ts": {"path":"/Users/wangchanghao/Projects/AIJournal/webapp/src/hooks/use-voice-agent.ts","statementMap":{"0":{"start":{"line":13,"column":30},"end":{"line":13,"column":null}},"1":{"start":{"line":30,"column":24},"end":{"line":39,"column":null}},"2":{"start":{"line":40,"column":8},"end":{"line":40,"column":null}},"3":{"start":{"line":41,"column":8},"end":{"line":41,"column":null}},"4":{"start":{"line":42,"column":8},"end":{"line":42,"column":null}},"5":{"start":{"line":44,"column":8},"end":{"line":49,"column":null}},"6":{"start":{"line":45,"column":4},"end":{"line":48,"column":null}},"7":{"start":{"line":46,"column":6},"end":{"line":46,"column":null}},"8":{"start":{"line":47,"column":6},"end":{"line":47,"column":null}},"9":{"start":{"line":51,"column":8},"end":{"line":63,"column":null}},"10":{"start":{"line":52,"column":4},"end":{"line":52,"column":null}},"11":{"start":{"line":53,"column":4},"end":{"line":53,"column":null}},"12":{"start":{"line":54,"column":4},"end":{"line":54,"column":null}},"13":{"start":{"line":55,"column":4},"end":{"line":55,"column":null}},"14":{"start":{"line":56,"column":4},"end":{"line":62,"column":null}},"15":{"start":{"line":56,"column":24},"end":{"line":62,"column":6}},"16":{"start":{"line":65,"column":2},"end":{"line":65,"column":null}},"17":{"start":{"line":65,"column":18},"end":{"line":65,"column":38}},"18":{"start":{"line":65,"column":24},"end":{"line":65,"column":38}},"19":{"start":{"line":67,"column":8},"end":{"line":235,"column":null}},"20":{"start":{"line":68,"column":4},"end":{"line":68,"column":null}},"21":{"start":{"line":68,"column":61},"end":{"line":68,"column":null}},"22":{"start":{"line":70,"column":4},"end":{"line":77,"column":null}},"23":{"start":{"line":71,"column":6},"end":{"line":75,"column":null}},"24":{"start":{"line":71,"column":26},"end":{"line":75,"column":8}},"25":{"start":{"line":76,"column":6},"end":{"line":76,"column":null}},"26":{"start":{"line":79,"column":4},"end":{"line":79,"column":null}},"27":{"start":{"line":79,"column":24},"end":{"line":79,"column":71}},"28":{"start":{"line":81,"column":4},"end":{"line":234,"column":null}},"29":{"start":{"line":82,"column":12},"end":{"line":82,"column":null}},"30":{"start":{"line":83,"column":28},"end":{"line":85,"column":null}},"31":{"start":{"line":87,"column":6},"end":{"line":90,"column":null}},"32":{"start":{"line":88,"column":24},"end":{"line":88,"column":null}},"33":{"start":{"line":88,"column":64},"end":{"line":88,"column":67}},"34":{"start":{"line":89,"column":8},"end":{"line":89,"column":null}},"35":{"start":{"line":92,"column":24},"end":{"line":92,"column":null}},"36":{"start":{"line":93,"column":6},"end":{"line":93,"column":null}},"37":{"start":{"line":93,"column":18},"end":{"line":93,"column":null}},"38":{"start":{"line":94,"column":20},"end":{"line":94,"column":null}},"39":{"start":{"line":96,"column":12},"end":{"line":132,"column":null}},"40":{"start":{"line":112,"column":26},"end":{"line":112,"column":null}},"41":{"start":{"line":113,"column":10},"end":{"line":113,"column":null}},"42":{"start":{"line":113,"column":42},"end":{"line":113,"column":null}},"43":{"start":{"line":114,"column":10},"end":{"line":114,"column":null}},"44":{"start":{"line":114,"column":37},"end":{"line":114,"column":null}},"45":{"start":{"line":115,"column":10},"end":{"line":115,"column":null}},"46":{"start":{"line":115,"column":37},"end":{"line":115,"column":null}},"47":{"start":{"line":117,"column":27},"end":{"line":121,"column":null}},"48":{"start":{"line":123,"column":10},"end":{"line":128,"column":null}},"49":{"start":{"line":124,"column":33},"end":{"line":124,"column":null}},"50":{"start":{"line":124,"column":68},"end":{"line":124,"column":71}},"51":{"start":{"line":125,"column":12},"end":{"line":127,"column":null}},"52":{"start":{"line":130,"column":10},"end":{"line":130,"column":null}},"53":{"start":{"line":134,"column":12},"end":{"line":161,"column":null}},"54":{"start":{"line":142,"column":27},"end":{"line":146,"column":null}},"55":{"start":{"line":148,"column":10},"end":{"line":153,"column":null}},"56":{"start":{"line":149,"column":33},"end":{"line":149,"column":null}},"57":{"start":{"line":149,"column":68},"end":{"line":149,"column":71}},"58":{"start":{"line":150,"column":12},"end":{"line":152,"column":null}},"59":{"start":{"line":155,"column":23},"end":{"line":155,"column":null}},"60":{"start":{"line":156,"column":10},"end":{"line":158,"column":null}},"61":{"start":{"line":157,"column":12},"end":{"line":157,"column":null}},"62":{"start":{"line":157,"column":32},"end":{"line":157,"column":77}},"63":{"start":{"line":159,"column":10},"end":{"line":159,"column":null}},"64":{"start":{"line":163,"column":20},"end":{"line":168,"column":null}},"65":{"start":{"line":170,"column":25},"end":{"line":172,"column":null}},"66":{"start":{"line":174,"column":6},"end":{"line":178,"column":null}},"67":{"start":{"line":175,"column":8},"end":{"line":177,"column":null}},"68":{"start":{"line":176,"column":10},"end":{"line":176,"column":null}},"69":{"start":{"line":176,"column":30},"end":{"line":176,"column":63}},"70":{"start":{"line":180,"column":6},"end":{"line":182,"column":null}},"71":{"start":{"line":181,"column":8},"end":{"line":181,"column":null}},"72":{"start":{"line":181,"column":28},"end":{"line":181,"column":63}},"73":{"start":{"line":184,"column":6},"end":{"line":186,"column":null}},"74":{"start":{"line":185,"column":8},"end":{"line":185,"column":null}},"75":{"start":{"line":185,"column":28},"end":{"line":185,"column":64}},"76":{"start":{"line":188,"column":6},"end":{"line":195,"column":null}},"77":{"start":{"line":189,"column":8},"end":{"line":189,"column":null}},"78":{"start":{"line":190,"column":8},"end":{"line":194,"column":null}},"79":{"start":{"line":190,"column":28},"end":{"line":194,"column":10}},"80":{"start":{"line":198,"column":18},"end":{"line":200,"column":null}},"81":{"start":{"line":201,"column":6},"end":{"line":201,"column":null}},"82":{"start":{"line":203,"column":6},"end":{"line":203,"column":null}},"83":{"start":{"line":204,"column":6},"end":{"line":204,"column":null}},"84":{"start":{"line":205,"column":6},"end":{"line":205,"column":null}},"85":{"start":{"line":207,"column":6},"end":{"line":207,"column":null}},"86":{"start":{"line":208,"column":6},"end":{"line":217,"column":null}},"87":{"start":{"line":209,"column":24},"end":{"line":209,"column":null}},"88":{"start":{"line":210,"column":8},"end":{"line":210,"column":null}},"89":{"start":{"line":210,"column":22},"end":{"line":210,"column":null}},"90":{"start":{"line":211,"column":24},"end":{"line":211,"column":null}},"91":{"start":{"line":212,"column":26},"end":{"line":212,"column":null}},"92":{"start":{"line":213,"column":8},"end":{"line":213,"column":null}},"93":{"start":{"line":213,"column":28},"end":{"line":213,"column":66}},"94":{"start":{"line":214,"column":8},"end":{"line":216,"column":null}},"95":{"start":{"line":215,"column":10},"end":{"line":215,"column":null}},"96":{"start":{"line":219,"column":6},"end":{"line":225,"column":null}},"97":{"start":{"line":219,"column":26},"end":{"line":225,"column":8}},"98":{"start":{"line":227,"column":6},"end":{"line":227,"column":null}},"99":{"start":{"line":228,"column":6},"end":{"line":232,"column":null}},"100":{"start":{"line":228,"column":26},"end":{"line":232,"column":8}},"101":{"start":{"line":233,"column":6},"end":{"line":233,"column":null}},"102":{"start":{"line":237,"column":8},"end":{"line":245,"column":null}},"103":{"start":{"line":239,"column":22},"end":{"line":239,"column":null}},"104":{"start":{"line":240,"column":6},"end":{"line":240,"column":null}},"105":{"start":{"line":240,"column":48},"end":{"line":240,"column":null}},"106":{"start":{"line":241,"column":6},"end":{"line":241,"column":null}},"107":{"start":{"line":242,"column":6},"end":{"line":242,"column":null}},"108":{"start":{"line":242,"column":26},"end":{"line":242,"column":62}},"109":{"start":{"line":247,"column":8},"end":{"line":253,"column":null}},"110":{"start":{"line":249,"column":6},"end":{"line":249,"column":null}},"111":{"start":{"line":249,"column":35},"end":{"line":249,"column":null}},"112":{"start":{"line":250,"column":6},"end":{"line":250,"column":null}},"113":{"start":{"line":250,"column":26},"end":{"line":250,"column":51}},"114":{"start":{"line":255,"column":2},"end":{"line":262,"column":null}}},"fnMap":{"0":{"name":"useVoiceAgent","decl":{"start":{"line":28,"column":16},"end":{"line":28,"column":32}},"loc":{"start":{"line":28,"column":32},"end":{"line":263,"column":null}},"line":28},"1":{"name":"(anonymous_1)","decl":{"start":{"line":44,"column":33},"end":{"line":44,"column":39}},"loc":{"start":{"line":44,"column":39},"end":{"line":49,"column":5}},"line":44},"2":{"name":"(anonymous_2)","decl":{"start":{"line":51,"column":33},"end":{"line":51,"column":39}},"loc":{"start":{"line":51,"column":39},"end":{"line":63,"column":5}},"line":51},"3":{"name":"(anonymous_3)","decl":{"start":{"line":56,"column":13},"end":{"line":56,"column":14}},"loc":{"start":{"line":56,"column":24},"end":{"line":62,"column":6}},"line":56},"4":{"name":"(anonymous_4)","decl":{"start":{"line":65,"column":12},"end":{"line":65,"column":18}},"loc":{"start":{"line":65,"column":18},"end":{"line":65,"column":38}},"line":65},"5":{"name":"(anonymous_5)","decl":{"start":{"line":65,"column":18},"end":{"line":65,"column":24}},"loc":{"start":{"line":65,"column":24},"end":{"line":65,"column":38}},"line":65},"6":{"name":"(anonymous_6)","decl":{"start":{"line":67,"column":30},"end":{"line":67,"column":42}},"loc":{"start":{"line":67,"column":42},"end":{"line":235,"column":5}},"line":67},"7":{"name":"(anonymous_7)","decl":{"start":{"line":71,"column":15},"end":{"line":71,"column":16}},"loc":{"start":{"line":71,"column":26},"end":{"line":75,"column":8}},"line":71},"8":{"name":"(anonymous_8)","decl":{"start":{"line":79,"column":13},"end":{"line":79,"column":14}},"loc":{"start":{"line":79,"column":24},"end":{"line":79,"column":71}},"line":79},"9":{"name":"(anonymous_9)","decl":{"start":{"line":88,"column":57},"end":{"line":88,"column":64}},"loc":{"start":{"line":88,"column":64},"end":{"line":88,"column":67}},"line":88},"10":{"name":"(anonymous_10)","decl":{"start":{"line":111,"column":17},"end":{"line":111,"column":24}},"loc":{"start":{"line":111,"column":34},"end":{"line":131,"column":null}},"line":111},"11":{"name":"(anonymous_11)","decl":{"start":{"line":124,"column":61},"end":{"line":124,"column":68}},"loc":{"start":{"line":124,"column":68},"end":{"line":124,"column":71}},"line":124},"12":{"name":"(anonymous_12)","decl":{"start":{"line":141,"column":17},"end":{"line":141,"column":24}},"loc":{"start":{"line":141,"column":34},"end":{"line":160,"column":null}},"line":141},"13":{"name":"(anonymous_13)","decl":{"start":{"line":149,"column":61},"end":{"line":149,"column":68}},"loc":{"start":{"line":149,"column":68},"end":{"line":149,"column":71}},"line":149},"14":{"name":"(anonymous_14)","decl":{"start":{"line":157,"column":21},"end":{"line":157,"column":22}},"loc":{"start":{"line":157,"column":32},"end":{"line":157,"column":77}},"line":157},"15":{"name":"(anonymous_15)","decl":{"start":{"line":174,"column":33},"end":{"line":174,"column":34}},"loc":{"start":{"line":174,"column":59},"end":{"line":178,"column":7}},"line":174},"16":{"name":"(anonymous_16)","decl":{"start":{"line":176,"column":19},"end":{"line":176,"column":20}},"loc":{"start":{"line":176,"column":30},"end":{"line":176,"column":63}},"line":176},"17":{"name":"(anonymous_17)","decl":{"start":{"line":180,"column":35},"end":{"line":180,"column":41}},"loc":{"start":{"line":180,"column":41},"end":{"line":182,"column":7}},"line":180},"18":{"name":"(anonymous_18)","decl":{"start":{"line":181,"column":17},"end":{"line":181,"column":18}},"loc":{"start":{"line":181,"column":28},"end":{"line":181,"column":63}},"line":181},"19":{"name":"(anonymous_19)","decl":{"start":{"line":184,"column":37},"end":{"line":184,"column":43}},"loc":{"start":{"line":184,"column":43},"end":{"line":186,"column":7}},"line":184},"20":{"name":"(anonymous_20)","decl":{"start":{"line":185,"column":17},"end":{"line":185,"column":18}},"loc":{"start":{"line":185,"column":28},"end":{"line":185,"column":64}},"line":185},"21":{"name":"(anonymous_21)","decl":{"start":{"line":188,"column":29},"end":{"line":188,"column":30}},"loc":{"start":{"line":188,"column":36},"end":{"line":195,"column":7}},"line":188},"22":{"name":"(anonymous_22)","decl":{"start":{"line":190,"column":17},"end":{"line":190,"column":18}},"loc":{"start":{"line":190,"column":28},"end":{"line":194,"column":10}},"line":190},"23":{"name":"(anonymous_23)","decl":{"start":{"line":208,"column":37},"end":{"line":208,"column":43}},"loc":{"start":{"line":208,"column":43},"end":{"line":217,"column":9}},"line":208},"24":{"name":"(anonymous_24)","decl":{"start":{"line":213,"column":17},"end":{"line":213,"column":18}},"loc":{"start":{"line":213,"column":28},"end":{"line":213,"column":66}},"line":213},"25":{"name":"(anonymous_25)","decl":{"start":{"line":219,"column":15},"end":{"line":219,"column":16}},"loc":{"start":{"line":219,"column":26},"end":{"line":225,"column":8}},"line":219},"26":{"name":"(anonymous_26)","decl":{"start":{"line":228,"column":15},"end":{"line":228,"column":16}},"loc":{"start":{"line":228,"column":26},"end":{"line":232,"column":8}},"line":228},"27":{"name":"(anonymous_27)","decl":{"start":{"line":238,"column":4},"end":{"line":238,"column":5}},"loc":{"start":{"line":238,"column":28},"end":{"line":243,"column":null}},"line":238},"28":{"name":"(anonymous_28)","decl":{"start":{"line":242,"column":15},"end":{"line":242,"column":16}},"loc":{"start":{"line":242,"column":26},"end":{"line":242,"column":62}},"line":242},"29":{"name":"(anonymous_29)","decl":{"start":{"line":248,"column":4},"end":{"line":248,"column":5}},"loc":{"start":{"line":248,"column":20},"end":{"line":251,"column":null}},"line":248},"30":{"name":"(anonymous_30)","decl":{"start":{"line":250,"column":15},"end":{"line":250,"column":16}},"loc":{"start":{"line":250,"column":26},"end":{"line":250,"column":51}},"line":250}},"branchMap":{"0":{"loc":{"start":{"line":45,"column":4},"end":{"line":48,"column":null}},"type":"if","locations":[{"start":{"line":45,"column":4},"end":{"line":48,"column":null}},{"start":{},"end":{}}],"line":45},"1":{"loc":{"start":{"line":68,"column":4},"end":{"line":68,"column":null}},"type":"if","locations":[{"start":{"line":68,"column":4},"end":{"line":68,"column":null}},{"start":{},"end":{}}],"line":68},"2":{"loc":{"start":{"line":68,"column":8},"end":{"line":68,"column":61}},"type":"binary-expr","locations":[{"start":{"line":68,"column":8},"end":{"line":68,"column":41}},{"start":{"line":68,"column":41},"end":{"line":68,"column":61}}],"line":68},"3":{"loc":{"start":{"line":70,"column":4},"end":{"line":77,"column":null}},"type":"if","locations":[{"start":{"line":70,"column":4},"end":{"line":77,"column":null}},{"start":{},"end":{}}],"line":70},"4":{"loc":{"start":{"line":87,"column":6},"end":{"line":90,"column":null}},"type":"if","locations":[{"start":{"line":87,"column":6},"end":{"line":90,"column":null}},{"start":{},"end":{}}],"line":87},"5":{"loc":{"start":{"line":89,"column":24},"end":{"line":89,"column":67}},"type":"binary-expr","locations":[{"start":{"line":89,"column":24},"end":{"line":89,"column":41}},{"start":{"line":89,"column":41},"end":{"line":89,"column":67}}],"line":89},"6":{"loc":{"start":{"line":93,"column":6},"end":{"line":93,"column":null}},"type":"if","locations":[{"start":{"line":93,"column":6},"end":{"line":93,"column":null}},{"start":{},"end":{}}],"line":93},"7":{"loc":{"start":{"line":113,"column":10},"end":{"line":113,"column":null}},"type":"if","locations":[{"start":{"line":113,"column":10},"end":{"line":113,"column":null}},{"start":{},"end":{}}],"line":113},"8":{"loc":{"start":{"line":114,"column":10},"end":{"line":114,"column":null}},"type":"if","locations":[{"start":{"line":114,"column":10},"end":{"line":114,"column":null}},{"start":{},"end":{}}],"line":114},"9":{"loc":{"start":{"line":115,"column":10},"end":{"line":115,"column":null}},"type":"if","locations":[{"start":{"line":115,"column":10},"end":{"line":115,"column":null}},{"start":{},"end":{}}],"line":115},"10":{"loc":{"start":{"line":123,"column":10},"end":{"line":128,"column":null}},"type":"if","locations":[{"start":{"line":123,"column":10},"end":{"line":128,"column":null}},{"start":{},"end":{}}],"line":123},"11":{"loc":{"start":{"line":126,"column":14},"end":{"line":126,"column":null}},"type":"binary-expr","locations":[{"start":{"line":126,"column":14},"end":{"line":126,"column":36}},{"start":{"line":126,"column":36},"end":{"line":126,"column":null}}],"line":126},"12":{"loc":{"start":{"line":148,"column":10},"end":{"line":153,"column":null}},"type":"if","locations":[{"start":{"line":148,"column":10},"end":{"line":153,"column":null}},{"start":{},"end":{}}],"line":148},"13":{"loc":{"start":{"line":151,"column":14},"end":{"line":151,"column":null}},"type":"binary-expr","locations":[{"start":{"line":151,"column":14},"end":{"line":151,"column":36}},{"start":{"line":151,"column":36},"end":{"line":151,"column":null}}],"line":151},"14":{"loc":{"start":{"line":156,"column":10},"end":{"line":158,"column":null}},"type":"if","locations":[{"start":{"line":156,"column":10},"end":{"line":158,"column":null}},{"start":{},"end":{}}],"line":156},"15":{"loc":{"start":{"line":175,"column":8},"end":{"line":177,"column":null}},"type":"if","locations":[{"start":{"line":175,"column":8},"end":{"line":177,"column":null}},{"start":{},"end":{}}],"line":175},"16":{"loc":{"start":{"line":210,"column":8},"end":{"line":210,"column":null}},"type":"if","locations":[{"start":{"line":210,"column":8},"end":{"line":210,"column":null}},{"start":{},"end":{}}],"line":210},"17":{"loc":{"start":{"line":214,"column":8},"end":{"line":216,"column":null}},"type":"if","locations":[{"start":{"line":214,"column":8},"end":{"line":216,"column":null}},{"start":{},"end":{}}],"line":214},"18":{"loc":{"start":{"line":231,"column":15},"end":{"line":231,"column":null}},"type":"cond-expr","locations":[{"start":{"line":231,"column":40},"end":{"line":231,"column":56}},{"start":{"line":231,"column":56},"end":{"line":231,"column":null}}],"line":231},"19":{"loc":{"start":{"line":240,"column":6},"end":{"line":240,"column":null}},"type":"if","locations":[{"start":{"line":240,"column":6},"end":{"line":240,"column":null}},{"start":{},"end":{}}],"line":240},"20":{"loc":{"start":{"line":240,"column":10},"end":{"line":240,"column":48}},"type":"binary-expr","locations":[{"start":{"line":240,"column":10},"end":{"line":240,"column":22}},{"start":{"line":240,"column":22},"end":{"line":240,"column":48}}],"line":240},"21":{"loc":{"start":{"line":249,"column":6},"end":{"line":249,"column":null}},"type":"if","locations":[{"start":{"line":249,"column":6},"end":{"line":249,"column":null}},{"start":{},"end":{}}],"line":249}},"s":{"0":1,"1":4,"2":4,"3":4,"4":4,"5":4,"6":3,"7":1,"8":1,"9":4,"10":2,"11":2,"12":2,"13":2,"14":2,"15":1,"16":4,"17":1,"18":1,"19":4,"20":1,"21":0,"22":1,"23":0,"24":0,"25":0,"26":1,"27":1,"28":1,"29":1,"30":1,"31":1,"32":0,"33":0,"34":0,"35":1,"36":1,"37":0,"38":1,"39":1,"40":0,"41":0,"42":0,"43":0,"44":0,"45":0,"46":0,"47":0,"48":0,"49":0,"50":0,"51":0,"52":0,"53":1,"54":0,"55":0,"56":0,"57":0,"58":0,"59":0,"60":0,"61":0,"62":0,"63":0,"64":1,"65":1,"66":1,"67":0,"68":0,"69":0,"70":1,"71":0,"72":0,"73":1,"74":0,"75":0,"76":1,"77":0,"78":0,"79":0,"80":1,"81":1,"82":1,"83":1,"84":1,"85":1,"86":1,"87":0,"88":0,"89":0,"90":0,"91":0,"92":0,"93":0,"94":0,"95":0,"96":1,"97":1,"98":0,"99":0,"100":0,"101":0,"102":4,"103":1,"104":1,"105":0,"106":1,"107":1,"108":1,"109":4,"110":0,"111":0,"112":0,"113":0,"114":4},"f":{"0":4,"1":3,"2":2,"3":1,"4":1,"5":1,"6":1,"7":0,"8":1,"9":0,"10":0,"11":0,"12":0,"13":0,"14":0,"15":0,"16":0,"17":0,"18":0,"19":0,"20":0,"21":0,"22":0,"23":0,"24":0,"25":1,"26":0,"27":1,"28":1,"29":0,"30":0},"b":{"0":[1,2],"1":[0,1],"2":[1,1],"3":[0,1],"4":[0,1],"5":[0,0],"6":[0,1],"7":[0,0],"8":[0,0],"9":[0,0],"10":[0,0],"11":[0,0],"12":[0,0],"13":[0,0],"14":[0,0],"15":[0,0],"16":[0,0],"17":[0,0],"18":[0,0],"19":[0,1],"20":[1,1],"21":[0,0]},"meta":{"lastBranch":22,"lastFunction":31,"lastStatement":115,"seen":{"s:13:30:13:Infinity":0,"f:28:16:28:32":0,"s:30:24:39:Infinity":1,"s:40:8:40:Infinity":2,"s:41:8:41:Infinity":3,"s:42:8:42:Infinity":4,"s:44:8:49:Infinity":5,"f:44:33:44:39":1,"b:45:4:48:Infinity:undefined:undefined:undefined:undefined":0,"s:45:4:48:Infinity":6,"s:46:6:46:Infinity":7,"s:47:6:47:Infinity":8,"s:51:8:63:Infinity":9,"f:51:33:51:39":2,"s:52:4:52:Infinity":10,"s:53:4:53:Infinity":11,"s:54:4:54:Infinity":12,"s:55:4:55:Infinity":13,"s:56:4:62:Infinity":14,"f:56:13:56:14":3,"s:56:24:62:6":15,"s:65:2:65:Infinity":16,"f:65:12:65:18":4,"s:65:18:65:38":17,"f:65:18:65:24":5,"s:65:24:65:38":18,"s:67:8:235:Infinity":19,"f:67:30:67:42":6,"b:68:4:68:Infinity:undefined:undefined:undefined:undefined":1,"s:68:4:68:Infinity":20,"b:68:8:68:41:68:41:68:61":2,"s:68:61:68:Infinity":21,"b:70:4:77:Infinity:undefined:undefined:undefined:undefined":3,"s:70:4:77:Infinity":22,"s:71:6:75:Infinity":23,"f:71:15:71:16":7,"s:71:26:75:8":24,"s:76:6:76:Infinity":25,"s:79:4:79:Infinity":26,"f:79:13:79:14":8,"s:79:24:79:71":27,"s:81:4:234:Infinity":28,"s:82:12:82:Infinity":29,"s:83:28:85:Infinity":30,"b:87:6:90:Infinity:undefined:undefined:undefined:undefined":4,"s:87:6:90:Infinity":31,"s:88:24:88:Infinity":32,"f:88:57:88:64":9,"s:88:64:88:67":33,"s:89:8:89:Infinity":34,"b:89:24:89:41:89:41:89:67":5,"s:92:24:92:Infinity":35,"b:93:6:93:Infinity:undefined:undefined:undefined:undefined":6,"s:93:6:93:Infinity":36,"s:93:18:93:Infinity":37,"s:94:20:94:Infinity":38,"s:96:12:132:Infinity":39,"f:111:17:111:24":10,"s:112:26:112:Infinity":40,"b:113:10:113:Infinity:undefined:undefined:undefined:undefined":7,"s:113:10:113:Infinity":41,"s:113:42:113:Infinity":42,"b:114:10:114:Infinity:undefined:undefined:undefined:undefined":8,"s:114:10:114:Infinity":43,"s:114:37:114:Infinity":44,"b:115:10:115:Infinity:undefined:undefined:undefined:undefined":9,"s:115:10:115:Infinity":45,"s:115:37:115:Infinity":46,"s:117:27:121:Infinity":47,"b:123:10:128:Infinity:undefined:undefined:undefined:undefined":10,"s:123:10:128:Infinity":48,"s:124:33:124:Infinity":49,"f:124:61:124:68":11,"s:124:68:124:71":50,"s:125:12:127:Infinity":51,"b:126:14:126:36:126:36:126:Infinity":11,"s:130:10:130:Infinity":52,"s:134:12:161:Infinity":53,"f:141:17:141:24":12,"s:142:27:146:Infinity":54,"b:148:10:153:Infinity:undefined:undefined:undefined:undefined":12,"s:148:10:153:Infinity":55,"s:149:33:149:Infinity":56,"f:149:61:149:68":13,"s:149:68:149:71":57,"s:150:12:152:Infinity":58,"b:151:14:151:36:151:36:151:Infinity":13,"s:155:23:155:Infinity":59,"b:156:10:158:Infinity:undefined:undefined:undefined:undefined":14,"s:156:10:158:Infinity":60,"s:157:12:157:Infinity":61,"f:157:21:157:22":14,"s:157:32:157:77":62,"s:159:10:159:Infinity":63,"s:163:20:168:Infinity":64,"s:170:25:172:Infinity":65,"s:174:6:178:Infinity":66,"f:174:33:174:34":15,"b:175:8:177:Infinity:undefined:undefined:undefined:undefined":15,"s:175:8:177:Infinity":67,"s:176:10:176:Infinity":68,"f:176:19:176:20":16,"s:176:30:176:63":69,"s:180:6:182:Infinity":70,"f:180:35:180:41":17,"s:181:8:181:Infinity":71,"f:181:17:181:18":18,"s:181:28:181:63":72,"s:184:6:186:Infinity":73,"f:184:37:184:43":19,"s:185:8:185:Infinity":74,"f:185:17:185:18":20,"s:185:28:185:64":75,"s:188:6:195:Infinity":76,"f:188:29:188:30":21,"s:189:8:189:Infinity":77,"s:190:8:194:Infinity":78,"f:190:17:190:18":22,"s:190:28:194:10":79,"s:198:18:200:Infinity":80,"s:201:6:201:Infinity":81,"s:203:6:203:Infinity":82,"s:204:6:204:Infinity":83,"s:205:6:205:Infinity":84,"s:207:6:207:Infinity":85,"s:208:6:217:Infinity":86,"f:208:37:208:43":23,"s:209:24:209:Infinity":87,"b:210:8:210:Infinity:undefined:undefined:undefined:undefined":16,"s:210:8:210:Infinity":88,"s:210:22:210:Infinity":89,"s:211:24:211:Infinity":90,"s:212:26:212:Infinity":91,"s:213:8:213:Infinity":92,"f:213:17:213:18":24,"s:213:28:213:66":93,"b:214:8:216:Infinity:undefined:undefined:undefined:undefined":17,"s:214:8:216:Infinity":94,"s:215:10:215:Infinity":95,"s:219:6:225:Infinity":96,"f:219:15:219:16":25,"s:219:26:225:8":97,"s:227:6:227:Infinity":98,"s:228:6:232:Infinity":99,"f:228:15:228:16":26,"s:228:26:232:8":100,"b:231:40:231:56:231:56:231:Infinity":18,"s:233:6:233:Infinity":101,"s:237:8:245:Infinity":102,"f:238:4:238:5":27,"s:239:22:239:Infinity":103,"b:240:6:240:Infinity:undefined:undefined:undefined:undefined":19,"s:240:6:240:Infinity":104,"b:240:10:240:22:240:22:240:48":20,"s:240:48:240:Infinity":105,"s:241:6:241:Infinity":106,"s:242:6:242:Infinity":107,"f:242:15:242:16":28,"s:242:26:242:62":108,"s:247:8:253:Infinity":109,"f:248:4:248:5":29,"b:249:6:249:Infinity:undefined:undefined:undefined:undefined":21,"s:249:6:249:Infinity":110,"s:249:35:249:Infinity":111,"s:250:6:250:Infinity":112,"f:250:15:250:16":30,"s:250:26:250:51":113,"s:255:2:262:Infinity":114}}}
,"/Users/wangchanghao/Projects/AIJournal/webapp/src/lib/mood-utils.ts": {"path":"/Users/wangchanghao/Projects/AIJournal/webapp/src/lib/mood-utils.ts","statementMap":{"0":{"start":{"line":4,"column":2},"end":{"line":13,"column":null}},"1":{"start":{"line":6,"column":6},"end":{"line":6,"column":null}},"2":{"start":{"line":8,"column":6},"end":{"line":8,"column":null}},"3":{"start":{"line":10,"column":6},"end":{"line":10,"column":null}},"4":{"start":{"line":12,"column":6},"end":{"line":12,"column":null}},"5":{"start":{"line":17,"column":2},"end":{"line":17,"column":null}},"6":{"start":{"line":17,"column":42},"end":{"line":17,"column":null}},"7":{"start":{"line":19,"column":2},"end":{"line":21,"column":null}},"8":{"start":{"line":20,"column":4},"end":{"line":20,"column":null}},"9":{"start":{"line":23,"column":2},"end":{"line":25,"column":null}},"10":{"start":{"line":24,"column":4},"end":{"line":24,"column":null}},"11":{"start":{"line":28,"column":19},"end":{"line":28,"column":null}},"12":{"start":{"line":29,"column":20},"end":{"line":29,"column":null}},"13":{"start":{"line":30,"column":2},"end":{"line":30,"column":null}},"14":{"start":{"line":34,"column":2},"end":{"line":42,"column":null}},"15":{"start":{"line":35,"column":4},"end":{"line":41,"column":null}},"16":{"start":{"line":44,"column":21},"end":{"line":44,"column":null}},"17":{"start":{"line":45,"column":19},"end":{"line":45,"column":null}},"18":{"start":{"line":47,"column":2},"end":{"line":53,"column":null}}},"fnMap":{"0":{"name":"formatDayQuality","decl":{"start":{"line":3,"column":16},"end":{"line":3,"column":33}},"loc":{"start":{"line":3,"column":61},"end":{"line":14,"column":null}},"line":3},"1":{"name":"formatEmotions","decl":{"start":{"line":16,"column":16},"end":{"line":16,"column":31}},"loc":{"start":{"line":16,"column":59},"end":{"line":31,"column":null}},"line":16},"2":{"name":"getMoodDisplayData","decl":{"start":{"line":33,"column":16},"end":{"line":33,"column":35}},"loc":{"start":{"line":33,"column":79},"end":{"line":54,"column":null}},"line":33}},"branchMap":{"0":{"loc":{"start":{"line":4,"column":2},"end":{"line":13,"column":null}},"type":"switch","locations":[{"start":{"line":5,"column":4},"end":{"line":6,"column":null}},{"start":{"line":7,"column":4},"end":{"line":8,"column":null}},{"start":{"line":9,"column":4},"end":{"line":10,"column":null}},{"start":{"line":11,"column":4},"end":{"line":12,"column":null}}],"line":4},"1":{"loc":{"start":{"line":17,"column":2},"end":{"line":17,"column":null}},"type":"if","locations":[{"start":{"line":17,"column":2},"end":{"line":17,"column":null}},{"start":{},"end":{}}],"line":17},"2":{"loc":{"start":{"line":17,"column":6},"end":{"line":17,"column":42}},"type":"binary-expr","locations":[{"start":{"line":17,"column":6},"end":{"line":17,"column":19}},{"start":{"line":17,"column":19},"end":{"line":17,"column":42}}],"line":17},"3":{"loc":{"start":{"line":19,"column":2},"end":{"line":21,"column":null}},"type":"if","locations":[{"start":{"line":19,"column":2},"end":{"line":21,"column":null}},{"start":{},"end":{}}],"line":19},"4":{"loc":{"start":{"line":23,"column":2},"end":{"line":25,"column":null}},"type":"if","locations":[{"start":{"line":23,"column":2},"end":{"line":25,"column":null}},{"start":{},"end":{}}],"line":23},"5":{"loc":{"start":{"line":34,"column":2},"end":{"line":42,"column":null}},"type":"if","locations":[{"start":{"line":34,"column":2},"end":{"line":42,"column":null}},{"start":{},"end":{}}],"line":34},"6":{"loc":{"start":{"line":45,"column":34},"end":{"line":45,"column":58}},"type":"binary-expr","locations":[{"start":{"line":45,"column":34},"end":{"line":45,"column":56}},{"start":{"line":45,"column":56},"end":{"line":45,"column":58}}],"line":45},"7":{"loc":{"start":{"line":49,"column":19},"end":{"line":49,"column":null}},"type":"binary-expr","locations":[{"start":{"line":49,"column":19},"end":{"line":49,"column":31}},{"start":{"line":49,"column":31},"end":{"line":49,"column":null}}],"line":49},"8":{"loc":{"start":{"line":52,"column":14},"end":{"line":52,"column":null}},"type":"binary-expr","locations":[{"start":{"line":52,"column":14},"end":{"line":52,"column":36}},{"start":{"line":52,"column":36},"end":{"line":52,"column":null}}],"line":52}},"s":{"0":5,"1":1,"2":2,"3":1,"4":1,"5":5,"6":1,"7":4,"8":1,"9":3,"10":1,"11":2,"12":2,"13":2,"14":2,"15":1,"16":1,"17":1,"18":2},"f":{"0":5,"1":5,"2":2},"b":{"0":[1,2,1,1],"1":[1,4],"2":[5,5],"3":[1,3],"4":[1,2],"5":[1,1],"6":[1,0],"7":[2,0],"8":[2,0]},"meta":{"lastBranch":9,"lastFunction":3,"lastStatement":19,"seen":{"f:3:16:3:33":0,"b:5:4:6:Infinity:7:4:8:Infinity:9:4:10:Infinity:11:4:12:Infinity":0,"s:4:2:13:Infinity":0,"s:6:6:6:Infinity":1,"s:8:6:8:Infinity":2,"s:10:6:10:Infinity":3,"s:12:6:12:Infinity":4,"f:16:16:16:31":1,"b:17:2:17:Infinity:undefined:undefined:undefined:undefined":1,"s:17:2:17:Infinity":5,"b:17:6:17:19:17:19:17:42":2,"s:17:42:17:Infinity":6,"b:19:2:21:Infinity:undefined:undefined:undefined:undefined":3,"s:19:2:21:Infinity":7,"s:20:4:20:Infinity":8,"b:23:2:25:Infinity:undefined:undefined:undefined:undefined":4,"s:23:2:25:Infinity":9,"s:24:4:24:Infinity":10,"s:28:19:28:Infinity":11,"s:29:20:29:Infinity":12,"s:30:2:30:Infinity":13,"f:33:16:33:35":2,"b:34:2:42:Infinity:undefined:undefined:undefined:undefined":5,"s:34:2:42:Infinity":14,"s:35:4:41:Infinity":15,"s:44:21:44:Infinity":16,"s:45:19:45:Infinity":17,"b:45:34:45:56:45:56:45:58":6,"s:47:2:53:Infinity":18,"b:49:19:49:31:49:31:49:Infinity":7,"b:52:14:52:36:52:36:52:Infinity":8}}}
,"/Users/wangchanghao/Projects/AIJournal/webapp/src/lib/security.ts": {"path":"/Users/wangchanghao/Projects/AIJournal/webapp/src/lib/security.ts","statementMap":{"0":{"start":{"line":3,"column":16},"end":{"line":11,"column":null}},"1":{"start":{"line":4,"column":2},"end":{"line":4,"column":null}},"2":{"start":{"line":4,"column":14},"end":{"line":4,"column":null}},"3":{"start":{"line":5,"column":2},"end":{"line":10,"column":null}},"4":{"start":{"line":6,"column":16},"end":{"line":6,"column":null}},"5":{"start":{"line":7,"column":4},"end":{"line":7,"column":null}},"6":{"start":{"line":9,"column":4},"end":{"line":9,"column":null}},"7":{"start":{"line":18,"column":31},"end":{"line":34,"column":null}},"8":{"start":{"line":20,"column":4},"end":{"line":20,"column":null}},"9":{"start":{"line":21,"column":2},"end":{"line":21,"column":null}},"10":{"start":{"line":21,"column":21},"end":{"line":21,"column":null}},"11":{"start":{"line":23,"column":21},"end":{"line":23,"column":null}},"12":{"start":{"line":24,"column":2},"end":{"line":26,"column":null}},"13":{"start":{"line":25,"column":4},"end":{"line":25,"column":null}},"14":{"start":{"line":28,"column":22},"end":{"line":28,"column":null}},"15":{"start":{"line":29,"column":2},"end":{"line":31,"column":null}},"16":{"start":{"line":30,"column":4},"end":{"line":30,"column":null}},"17":{"start":{"line":33,"column":2},"end":{"line":33,"column":null}}},"fnMap":{"0":{"name":"(anonymous_0)","decl":{"start":{"line":3,"column":16},"end":{"line":3,"column":17}},"loc":{"start":{"line":3,"column":42},"end":{"line":11,"column":null}},"line":3},"1":{"name":"(anonymous_1)","decl":{"start":{"line":18,"column":31},"end":{"line":18,"column":32}},"loc":{"start":{"line":18,"column":57},"end":{"line":34,"column":null}},"line":18}},"branchMap":{"0":{"loc":{"start":{"line":4,"column":2},"end":{"line":4,"column":null}},"type":"if","locations":[{"start":{"line":4,"column":2},"end":{"line":4,"column":null}},{"start":{},"end":{}}],"line":4},"1":{"loc":{"start":{"line":20,"column":4},"end":{"line":20,"column":null}},"type":"binary-expr","locations":[{"start":{"line":20,"column":4},"end":{"line":20,"column":50}},{"start":{"line":20,"column":50},"end":{"line":20,"column":null}}],"line":20},"2":{"loc":{"start":{"line":21,"column":2},"end":{"line":21,"column":null}},"type":"if","locations":[{"start":{"line":21,"column":2},"end":{"line":21,"column":null}},{"start":{},"end":{}}],"line":21},"3":{"loc":{"start":{"line":24,"column":2},"end":{"line":26,"column":null}},"type":"if","locations":[{"start":{"line":24,"column":2},"end":{"line":26,"column":null}},{"start":{},"end":{}}],"line":24},"4":{"loc":{"start":{"line":29,"column":2},"end":{"line":31,"column":null}},"type":"if","locations":[{"start":{"line":29,"column":2},"end":{"line":31,"column":null}},{"start":{},"end":{}}],"line":29}},"s":{"0":1,"1":6,"2":3,"3":3,"4":3,"5":3,"6":0,"7":1,"8":4,"9":4,"10":0,"11":4,"12":4,"13":2,"14":2,"15":2,"16":1,"17":1},"f":{"0":6,"1":4},"b":{"0":[3,3],"1":[4,0],"2":[0,4],"3":[2,2],"4":[1,1]},"meta":{"lastBranch":5,"lastFunction":2,"lastStatement":18,"seen":{"s:3:16:11:Infinity":0,"f:3:16:3:17":0,"b:4:2:4:Infinity:undefined:undefined:undefined:undefined":0,"s:4:2:4:Infinity":1,"s:4:14:4:Infinity":2,"s:5:2:10:Infinity":3,"s:6:16:6:Infinity":4,"s:7:4:7:Infinity":5,"s:9:4:9:Infinity":6,"s:18:31:34:Infinity":7,"f:18:31:18:32":1,"s:20:4:20:Infinity":8,"b:20:4:20:50:20:50:20:Infinity":1,"b:21:2:21:Infinity:undefined:undefined:undefined:undefined":2,"s:21:2:21:Infinity":9,"s:21:21:21:Infinity":10,"s:23:21:23:Infinity":11,"b:24:2:26:Infinity:undefined:undefined:undefined:undefined":3,"s:24:2:26:Infinity":12,"s:25:4:25:Infinity":13,"s:28:22:28:Infinity":14,"b:29:2:31:Infinity:undefined:undefined:undefined:undefined":4,"s:29:2:31:Infinity":15,"s:30:4:30:Infinity":16,"s:33:2:33:Infinity":17}}}
,"/Users/wangchanghao/Projects/AIJournal/webapp/src/lib/timezone.ts": {"path":"/Users/wangchanghao/Projects/AIJournal/webapp/src/lib/timezone.ts","statementMap":{"0":{"start":{"line":2,"column":2},"end":{"line":4,"column":null}},"1":{"start":{"line":22,"column":23},"end":{"line":22,"column":null}},"2":{"start":{"line":24,"column":21},"end":{"line":42,"column":null}},"3":{"start":{"line":25,"column":2},"end":{"line":39,"column":null}},"4":{"start":{"line":26,"column":4},"end":{"line":38,"column":null}},"5":{"start":{"line":41,"column":2},"end":{"line":41,"column":null}},"6":{"start":{"line":44,"column":25},"end":{"line":63,"column":null}},"7":{"start":{"line":45,"column":20},"end":{"line":45,"column":null}},"8":{"start":{"line":46,"column":16},"end":{"line":46,"column":null}},"9":{"start":{"line":47,"column":41},"end":{"line":47,"column":null}},"10":{"start":{"line":49,"column":2},"end":{"line":53,"column":null}},"11":{"start":{"line":50,"column":4},"end":{"line":52,"column":null}},"12":{"start":{"line":51,"column":6},"end":{"line":51,"column":null}},"13":{"start":{"line":55,"column":2},"end":{"line":55,"column":null}},"14":{"start":{"line":65,"column":26},"end":{"line":77,"column":null}},"15":{"start":{"line":66,"column":16},"end":{"line":66,"column":null}},"16":{"start":{"line":67,"column":16},"end":{"line":74,"column":null}},"17":{"start":{"line":76,"column":2},"end":{"line":76,"column":null}},"18":{"start":{"line":79,"column":23},"end":{"line":96,"column":null}},"19":{"start":{"line":88,"column":6},"end":{"line":88,"column":null}},"20":{"start":{"line":90,"column":18},"end":{"line":92,"column":null}},"21":{"start":{"line":94,"column":17},"end":{"line":94,"column":null}},"22":{"start":{"line":95,"column":2},"end":{"line":95,"column":null}},"23":{"start":{"line":98,"column":25},"end":{"line":102,"column":null}},"24":{"start":{"line":102,"column":6},"end":{"line":102,"column":null}},"25":{"start":{"line":104,"column":32},"end":{"line":129,"column":null}},"26":{"start":{"line":107,"column":15},"end":{"line":107,"column":null}},"27":{"start":{"line":108,"column":19},"end":{"line":108,"column":null}},"28":{"start":{"line":109,"column":16},"end":{"line":109,"column":null}},"29":{"start":{"line":111,"column":15},"end":{"line":111,"column":null}},"30":{"start":{"line":112,"column":16},"end":{"line":112,"column":null}},"31":{"start":{"line":113,"column":14},"end":{"line":113,"column":null}},"32":{"start":{"line":115,"column":16},"end":{"line":118,"column":null}},"33":{"start":{"line":119,"column":14},"end":{"line":122,"column":null}},"34":{"start":{"line":124,"column":2},"end":{"line":128,"column":null}},"35":{"start":{"line":131,"column":34},"end":{"line":170,"column":null}},"36":{"start":{"line":135,"column":38},"end":{"line":135,"column":null}},"37":{"start":{"line":137,"column":2},"end":{"line":139,"column":null}},"38":{"start":{"line":138,"column":4},"end":{"line":138,"column":null}},"39":{"start":{"line":141,"column":16},"end":{"line":152,"column":null}},"40":{"start":{"line":153,"column":14},"end":{"line":164,"column":null}},"41":{"start":{"line":166,"column":2},"end":{"line":169,"column":null}},"42":{"start":{"line":172,"column":34},"end":{"line":172,"column":null}},"43":{"start":{"line":172,"column":40},"end":{"line":172,"column":null}}},"fnMap":{"0":{"name":"(anonymous_0)","decl":{"start":{"line":24,"column":21},"end":{"line":24,"column":22}},"loc":{"start":{"line":24,"column":43},"end":{"line":42,"column":null}},"line":24},"1":{"name":"(anonymous_1)","decl":{"start":{"line":44,"column":25},"end":{"line":44,"column":26}},"loc":{"start":{"line":44,"column":59},"end":{"line":63,"column":null}},"line":44},"2":{"name":"(anonymous_2)","decl":{"start":{"line":65,"column":26},"end":{"line":65,"column":27}},"loc":{"start":{"line":65,"column":60},"end":{"line":77,"column":null}},"line":65},"3":{"name":"(anonymous_3)","decl":{"start":{"line":79,"column":23},"end":{"line":79,"column":24}},"loc":{"start":{"line":79,"column":68},"end":{"line":96,"column":null}},"line":79},"4":{"name":"(anonymous_4)","decl":{"start":{"line":98,"column":25},"end":{"line":98,"column":26}},"loc":{"start":{"line":102,"column":6},"end":{"line":102,"column":null}},"line":102},"5":{"name":"(anonymous_5)","decl":{"start":{"line":104,"column":32},"end":{"line":104,"column":null}},"loc":{"start":{"line":106,"column":15},"end":{"line":129,"column":null}},"line":106},"6":{"name":"(anonymous_6)","decl":{"start":{"line":131,"column":34},"end":{"line":131,"column":null}},"loc":{"start":{"line":134,"column":5},"end":{"line":170,"column":null}},"line":134},"7":{"name":"(anonymous_7)","decl":{"start":{"line":172,"column":34},"end":{"line":172,"column":40}},"loc":{"start":{"line":172,"column":40},"end":{"line":172,"column":null}},"line":172}},"branchMap":{"0":{"loc":{"start":{"line":2,"column":2},"end":{"line":4,"column":null}},"type":"binary-expr","locations":[{"start":{"line":2,"column":2},"end":{"line":2,"column":null}},{"start":{"line":3,"column":2},"end":{"line":3,"column":null}},{"start":{"line":4,"column":2},"end":{"line":4,"column":null}}],"line":2},"1":{"loc":{"start":{"line":25,"column":2},"end":{"line":39,"column":null}},"type":"if","locations":[{"start":{"line":25,"column":2},"end":{"line":39,"column":null}},{"start":{},"end":{}}],"line":25},"2":{"loc":{"start":{"line":50,"column":4},"end":{"line":52,"column":null}},"type":"if","locations":[{"start":{"line":50,"column":4},"end":{"line":52,"column":null}},{"start":{},"end":{}}],"line":50},"3":{"loc":{"start":{"line":84,"column":4},"end":{"line":84,"column":null}},"type":"default-arg","locations":[{"start":{"line":84,"column":11},"end":{"line":84,"column":null}}],"line":84},"4":{"loc":{"start":{"line":85,"column":4},"end":{"line":85,"column":null}},"type":"default-arg","locations":[{"start":{"line":85,"column":13},"end":{"line":85,"column":null}}],"line":85},"5":{"loc":{"start":{"line":86,"column":4},"end":{"line":86,"column":null}},"type":"default-arg","locations":[{"start":{"line":86,"column":13},"end":{"line":86,"column":null}}],"line":86},"6":{"loc":{"start":{"line":87,"column":4},"end":{"line":87,"column":null}},"type":"default-arg","locations":[{"start":{"line":87,"column":18},"end":{"line":87,"column":null}}],"line":87},"7":{"loc":{"start":{"line":107,"column":15},"end":{"line":107,"column":null}},"type":"binary-expr","locations":[{"start":{"line":107,"column":15},"end":{"line":107,"column":32}},{"start":{"line":107,"column":32},"end":{"line":107,"column":null}}],"line":107},"8":{"loc":{"start":{"line":108,"column":19},"end":{"line":108,"column":null}},"type":"binary-expr","locations":[{"start":{"line":108,"column":19},"end":{"line":108,"column":40}},{"start":{"line":108,"column":40},"end":{"line":108,"column":null}}],"line":108},"9":{"loc":{"start":{"line":133,"column":2},"end":{"line":133,"column":null}},"type":"default-arg","locations":[{"start":{"line":133,"column":21},"end":{"line":133,"column":null}}],"line":133},"10":{"loc":{"start":{"line":137,"column":2},"end":{"line":139,"column":null}},"type":"if","locations":[{"start":{"line":137,"column":2},"end":{"line":139,"column":null}},{"start":{},"end":{}}],"line":137},"11":{"loc":{"start":{"line":137,"column":6},"end":{"line":137,"column":79}},"type":"binary-expr","locations":[{"start":{"line":137,"column":6},"end":{"line":137,"column":31}},{"start":{"line":137,"column":31},"end":{"line":137,"column":57}},{"start":{"line":137,"column":57},"end":{"line":137,"column":79}}],"line":137}},"s":{"0":1,"1":1,"2":1,"3":5,"4":1,"5":5,"6":1,"7":5,"8":5,"9":5,"10":5,"11":55,"12":30,"13":5,"14":1,"15":4,"16":4,"17":4,"18":1,"19":4,"20":4,"21":4,"22":4,"23":1,"24":1,"25":1,"26":1,"27":1,"28":1,"29":1,"30":1,"31":1,"32":1,"33":1,"34":1,"35":1,"36":1,"37":1,"38":0,"39":1,"40":1,"41":1,"42":1,"43":0},"f":{"0":5,"1":5,"2":4,"3":4,"4":1,"5":1,"6":1,"7":0},"b":{"0":[1,1,1],"1":[1,4],"2":[30,25],"3":[4],"4":[4],"5":[4],"6":[4],"7":[1,0],"8":[1,0],"9":[1],"10":[0,1],"11":[1,1,1]},"meta":{"lastBranch":12,"lastFunction":8,"lastStatement":44,"seen":{"s:2:2:4:Infinity":0,"b:2:2:2:Infinity:3:2:3:Infinity:4:2:4:Infinity":0,"s:22:23:22:Infinity":1,"s:24:21:42:Infinity":2,"f:24:21:24:22":0,"b:25:2:39:Infinity:undefined:undefined:undefined:undefined":1,"s:25:2:39:Infinity":3,"s:26:4:38:Infinity":4,"s:41:2:41:Infinity":5,"s:44:25:63:Infinity":6,"f:44:25:44:26":1,"s:45:20:45:Infinity":7,"s:46:16:46:Infinity":8,"s:47:41:47:Infinity":9,"s:49:2:53:Infinity":10,"b:50:4:52:Infinity:undefined:undefined:undefined:undefined":2,"s:50:4:52:Infinity":11,"s:51:6:51:Infinity":12,"s:55:2:55:Infinity":13,"s:65:26:77:Infinity":14,"f:65:26:65:27":2,"s:66:16:66:Infinity":15,"s:67:16:74:Infinity":16,"s:76:2:76:Infinity":17,"s:79:23:96:Infinity":18,"f:79:23:79:24":3,"s:88:6:88:Infinity":19,"b:84:11:84:Infinity":3,"b:85:13:85:Infinity":4,"b:86:13:86:Infinity":5,"b:87:18:87:Infinity":6,"s:90:18:92:Infinity":20,"s:94:17:94:Infinity":21,"s:95:2:95:Infinity":22,"s:98:25:102:Infinity":23,"f:98:25:98:26":4,"s:102:6:102:Infinity":24,"s:104:32:129:Infinity":25,"f:104:32:104:Infinity":5,"s:107:15:107:Infinity":26,"b:107:15:107:32:107:32:107:Infinity":7,"s:108:19:108:Infinity":27,"b:108:19:108:40:108:40:108:Infinity":8,"s:109:16:109:Infinity":28,"s:111:15:111:Infinity":29,"s:112:16:112:Infinity":30,"s:113:14:113:Infinity":31,"s:115:16:118:Infinity":32,"s:119:14:122:Infinity":33,"s:124:2:128:Infinity":34,"s:131:34:170:Infinity":35,"f:131:34:131:Infinity":6,"b:133:21:133:Infinity":9,"s:135:38:135:Infinity":36,"b:137:2:139:Infinity:undefined:undefined:undefined:undefined":10,"s:137:2:139:Infinity":37,"b:137:6:137:31:137:31:137:57:137:57:137:79":11,"s:138:4:138:Infinity":38,"s:141:16:152:Infinity":39,"s:153:14:164:Infinity":40,"s:166:2:169:Infinity":41,"s:172:34:172:Infinity":42,"f:172:34:172:40":7,"s:172:40:172:Infinity":43}}}
,"/Users/wangchanghao/Projects/AIJournal/webapp/src/lib/agent/search-quota.ts": {"path":"/Users/wangchanghao/Projects/AIJournal/webapp/src/lib/agent/search-quota.ts","statementMap":{"0":{"start":{"line":3,"column":29},"end":{"line":3,"column":null}},"1":{"start":{"line":10,"column":14},"end":{"line":10,"column":null}},"2":{"start":{"line":12,"column":28},"end":{"line":23,"column":null}},"3":{"start":{"line":13,"column":8},"end":{"line":13,"column":null}},"4":{"start":{"line":14,"column":17},"end":{"line":14,"column":null}},"5":{"start":{"line":16,"column":2},"end":{"line":19,"column":null}},"6":{"start":{"line":17,"column":4},"end":{"line":17,"column":null}},"7":{"start":{"line":18,"column":4},"end":{"line":18,"column":null}},"8":{"start":{"line":21,"column":20},"end":{"line":21,"column":null}},"9":{"start":{"line":22,"column":2},"end":{"line":22,"column":null}},"10":{"start":{"line":25,"column":33},"end":{"line":37,"column":null}},"11":{"start":{"line":26,"column":8},"end":{"line":26,"column":null}},"12":{"start":{"line":27,"column":17},"end":{"line":27,"column":null}},"13":{"start":{"line":29,"column":2},"end":{"line":32,"column":null}},"14":{"start":{"line":30,"column":4},"end":{"line":30,"column":null}},"15":{"start":{"line":31,"column":4},"end":{"line":31,"column":null}},"16":{"start":{"line":34,"column":2},"end":{"line":34,"column":null}},"17":{"start":{"line":35,"column":2},"end":{"line":35,"column":null}},"18":{"start":{"line":36,"column":2},"end":{"line":36,"column":null}}},"fnMap":{"0":{"name":"(anonymous_0)","decl":{"start":{"line":12,"column":28},"end":{"line":12,"column":29}},"loc":{"start":{"line":12,"column":48},"end":{"line":23,"column":null}},"line":12},"1":{"name":"(anonymous_1)","decl":{"start":{"line":25,"column":33},"end":{"line":25,"column":34}},"loc":{"start":{"line":25,"column":53},"end":{"line":37,"column":null}},"line":25}},"branchMap":{"0":{"loc":{"start":{"line":16,"column":2},"end":{"line":19,"column":null}},"type":"if","locations":[{"start":{"line":16,"column":2},"end":{"line":19,"column":null}},{"start":{},"end":{}}],"line":16},"1":{"loc":{"start":{"line":16,"column":6},"end":{"line":16,"column":40}},"type":"binary-expr","locations":[{"start":{"line":16,"column":6},"end":{"line":16,"column":17}},{"start":{"line":16,"column":17},"end":{"line":16,"column":40}}],"line":16},"2":{"loc":{"start":{"line":29,"column":2},"end":{"line":32,"column":null}},"type":"if","locations":[{"start":{"line":29,"column":2},"end":{"line":32,"column":null}},{"start":{},"end":{}}],"line":29},"3":{"loc":{"start":{"line":29,"column":6},"end":{"line":29,"column":40}},"type":"binary-expr","locations":[{"start":{"line":29,"column":6},"end":{"line":29,"column":17}},{"start":{"line":29,"column":17},"end":{"line":29,"column":40}}],"line":29}},"s":{"0":1,"1":1,"2":1,"3":4,"4":4,"5":4,"6":2,"7":2,"8":2,"9":2,"10":1,"11":6,"12":6,"13":6,"14":1,"15":1,"16":5,"17":5,"18":5},"f":{"0":4,"1":6},"b":{"0":[2,2],"1":[4,3],"2":[1,5],"3":[6,5]},"meta":{"lastBranch":4,"lastFunction":2,"lastStatement":19,"seen":{"s:3:29:3:Infinity":0,"s:10:14:10:Infinity":1,"s:12:28:23:Infinity":2,"f:12:28:12:29":0,"s:13:8:13:Infinity":3,"s:14:17:14:Infinity":4,"b:16:2:19:Infinity:undefined:undefined:undefined:undefined":0,"s:16:2:19:Infinity":5,"b:16:6:16:17:16:17:16:40":1,"s:17:4:17:Infinity":6,"s:18:4:18:Infinity":7,"s:21:20:21:Infinity":8,"s:22:2:22:Infinity":9,"s:25:33:37:Infinity":10,"f:25:33:25:34":1,"s:26:8:26:Infinity":11,"s:27:17:27:Infinity":12,"b:29:2:32:Infinity:undefined:undefined:undefined:undefined":2,"s:29:2:32:Infinity":13,"b:29:6:29:17:29:17:29:40":3,"s:30:4:30:Infinity":14,"s:31:4:31:Infinity":15,"s:34:2:34:Infinity":16,"s:35:2:35:Infinity":17,"s:36:2:36:Infinity":18}}}
,"/Users/wangchanghao/Projects/AIJournal/webapp/src/lib/agent/voices.ts": {"path":"/Users/wangchanghao/Projects/AIJournal/webapp/src/lib/agent/voices.ts","statementMap":{"0":{"start":{"line":8,"column":46},"end":{"line":51,"column":null}},"1":{"start":{"line":53,"column":32},"end":{"line":53,"column":null}},"2":{"start":{"line":55,"column":29},"end":{"line":56,"column":null}},"3":{"start":{"line":56,"column":2},"end":{"line":56,"column":null}},"4":{"start":{"line":56,"column":35},"end":{"line":56,"column":52}}},"fnMap":{"0":{"name":"(anonymous_0)","decl":{"start":{"line":55,"column":29},"end":{"line":55,"column":30}},"loc":{"start":{"line":56,"column":2},"end":{"line":56,"column":null}},"line":56},"1":{"name":"(anonymous_1)","decl":{"start":{"line":56,"column":22},"end":{"line":56,"column":23}},"loc":{"start":{"line":56,"column":35},"end":{"line":56,"column":52}},"line":56}},"branchMap":{"0":{"loc":{"start":{"line":56,"column":2},"end":{"line":56,"column":null}},"type":"binary-expr","locations":[{"start":{"line":56,"column":2},"end":{"line":56,"column":57}},{"start":{"line":56,"column":57},"end":{"line":56,"column":null}}],"line":56}},"s":{"0":1,"1":1,"2":1,"3":1,"4":1},"f":{"0":1,"1":1},"b":{"0":[1,0]},"meta":{"lastBranch":1,"lastFunction":2,"lastStatement":5,"seen":{"s:8:46:51:Infinity":0,"s:53:32:53:Infinity":1,"s:55:29:56:Infinity":2,"f:55:29:55:30":0,"s:56:2:56:Infinity":3,"b:56:2:56:57:56:57:56:Infinity":0,"f:56:22:56:23":1,"s:56:35:56:52":4}}}
,"/Users/wangchanghao/Projects/AIJournal/webapp/src/lib/reflections/aggregate.ts": {"path":"/Users/wangchanghao/Projects/AIJournal/webapp/src/lib/reflections/aggregate.ts","statementMap":{"0":{"start":{"line":14,"column":24},"end":{"line":19,"column":null}},"1":{"start":{"line":15,"column":12},"end":{"line":15,"column":null}},"2":{"start":{"line":16,"column":12},"end":{"line":16,"column":null}},"3":{"start":{"line":17,"column":14},"end":{"line":17,"column":null}},"4":{"start":{"line":18,"column":2},"end":{"line":18,"column":null}},"5":{"start":{"line":21,"column":33},"end":{"line":24,"column":null}},"6":{"start":{"line":22,"column":2},"end":{"line":22,"column":null}},"7":{"start":{"line":22,"column":18},"end":{"line":22,"column":null}},"8":{"start":{"line":23,"column":2},"end":{"line":23,"column":null}},"9":{"start":{"line":26,"column":31},"end":{"line":51,"column":null}},"10":{"start":{"line":30,"column":15},"end":{"line":30,"column":null}},"11":{"start":{"line":32,"column":2},"end":{"line":34,"column":null}},"12":{"start":{"line":33,"column":4},"end":{"line":33,"column":null}},"13":{"start":{"line":36,"column":2},"end":{"line":46,"column":null}},"14":{"start":{"line":38,"column":16},"end":{"line":38,"column":null}},"15":{"start":{"line":39,"column":25},"end":{"line":39,"column":null}},"16":{"start":{"line":40,"column":10},"end":{"line":40,"column":null}},"17":{"start":{"line":41,"column":10},"end":{"line":41,"column":null}},"18":{"start":{"line":42,"column":4},"end":{"line":45,"column":null}},"19":{"start":{"line":48,"column":8},"end":{"line":48,"column":null}},"20":{"start":{"line":49,"column":8},"end":{"line":49,"column":null}},"21":{"start":{"line":50,"column":2},"end":{"line":50,"column":null}},"22":{"start":{"line":58,"column":49},"end":{"line":63,"column":null}},"23":{"start":{"line":65,"column":2},"end":{"line":68,"column":null}},"24":{"start":{"line":66,"column":4},"end":{"line":66,"column":null}},"25":{"start":{"line":67,"column":4},"end":{"line":67,"column":null}},"26":{"start":{"line":70,"column":2},"end":{"line":70,"column":null}},"27":{"start":{"line":70,"column":16},"end":{"line":70,"column":null}},"28":{"start":{"line":72,"column":43},"end":{"line":78,"column":null}},"29":{"start":{"line":80,"column":2},"end":{"line":83,"column":null}},"30":{"start":{"line":81,"column":4},"end":{"line":81,"column":null}},"31":{"start":{"line":82,"column":4},"end":{"line":82,"column":null}},"32":{"start":{"line":85,"column":2},"end":{"line":88,"column":null}},"33":{"start":{"line":97,"column":53},"end":{"line":103,"column":null}},"34":{"start":{"line":105,"column":2},"end":{"line":108,"column":null}},"35":{"start":{"line":106,"column":4},"end":{"line":106,"column":null}},"36":{"start":{"line":107,"column":4},"end":{"line":107,"column":null}},"37":{"start":{"line":110,"column":2},"end":{"line":112,"column":null}},"38":{"start":{"line":111,"column":4},"end":{"line":111,"column":null}},"39":{"start":{"line":114,"column":45},"end":{"line":119,"column":null}},"40":{"start":{"line":121,"column":2},"end":{"line":124,"column":null}},"41":{"start":{"line":122,"column":4},"end":{"line":122,"column":null}},"42":{"start":{"line":123,"column":4},"end":{"line":123,"column":null}},"43":{"start":{"line":126,"column":18},"end":{"line":126,"column":null}},"44":{"start":{"line":127,"column":2},"end":{"line":130,"column":null}},"45":{"start":{"line":128,"column":16},"end":{"line":128,"column":null}},"46":{"start":{"line":129,"column":4},"end":{"line":129,"column":null}},"47":{"start":{"line":132,"column":2},"end":{"line":135,"column":null}},"48":{"start":{"line":132,"column":37},"end":{"line":135,"column":4}},"49":{"start":{"line":138,"column":29},"end":{"line":153,"column":null}},"50":{"start":{"line":139,"column":16},"end":{"line":139,"column":null}},"51":{"start":{"line":141,"column":2},"end":{"line":148,"column":null}},"52":{"start":{"line":142,"column":4},"end":{"line":144,"column":null}},"53":{"start":{"line":143,"column":6},"end":{"line":143,"column":null}},"54":{"start":{"line":145,"column":4},"end":{"line":147,"column":null}},"55":{"start":{"line":146,"column":6},"end":{"line":146,"column":null}},"56":{"start":{"line":150,"column":2},"end":{"line":152,"column":null}},"57":{"start":{"line":151,"column":20},"end":{"line":151,"column":31}},"58":{"start":{"line":152,"column":24},"end":{"line":152,"column":31}},"59":{"start":{"line":155,"column":26},"end":{"line":159,"column":null}},"60":{"start":{"line":156,"column":2},"end":{"line":159,"column":null}},"61":{"start":{"line":157,"column":28},"end":{"line":157,"column":null}}},"fnMap":{"0":{"name":"(anonymous_0)","decl":{"start":{"line":14,"column":24},"end":{"line":14,"column":25}},"loc":{"start":{"line":14,"column":37},"end":{"line":19,"column":null}},"line":14},"1":{"name":"(anonymous_1)","decl":{"start":{"line":21,"column":33},"end":{"line":21,"column":34}},"loc":{"start":{"line":21,"column":58},"end":{"line":24,"column":null}},"line":21},"2":{"name":"(anonymous_2)","decl":{"start":{"line":26,"column":31},"end":{"line":26,"column":null}},"loc":{"start":{"line":29,"column":37},"end":{"line":51,"column":null}},"line":29},"3":{"name":"fetchDailyAggregate","decl":{"start":{"line":53,"column":22},"end":{"line":53,"column":null}},"loc":{"start":{"line":57,"column":34},"end":{"line":89,"column":null}},"line":57},"4":{"name":"fetchAggregatesInRange","decl":{"start":{"line":91,"column":22},"end":{"line":91,"column":null}},"loc":{"start":{"line":96,"column":29},"end":{"line":136,"column":null}},"line":96},"5":{"name":"(anonymous_5)","decl":{"start":{"line":127,"column":17},"end":{"line":127,"column":18}},"loc":{"start":{"line":127,"column":27},"end":{"line":130,"column":3}},"line":127},"6":{"name":"(anonymous_6)","decl":{"start":{"line":132,"column":23},"end":{"line":132,"column":24}},"loc":{"start":{"line":132,"column":37},"end":{"line":135,"column":4}},"line":132},"7":{"name":"(anonymous_7)","decl":{"start":{"line":138,"column":29},"end":{"line":138,"column":30}},"loc":{"start":{"line":138,"column":63},"end":{"line":153,"column":null}},"line":138},"8":{"name":"(anonymous_8)","decl":{"start":{"line":141,"column":21},"end":{"line":141,"column":22}},"loc":{"start":{"line":141,"column":44},"end":{"line":148,"column":3}},"line":141},"9":{"name":"(anonymous_9)","decl":{"start":{"line":142,"column":39},"end":{"line":142,"column":40}},"loc":{"start":{"line":142,"column":52},"end":{"line":144,"column":5}},"line":142},"10":{"name":"(anonymous_10)","decl":{"start":{"line":145,"column":28},"end":{"line":145,"column":29}},"loc":{"start":{"line":145,"column":41},"end":{"line":147,"column":5}},"line":145},"11":{"name":"(anonymous_11)","decl":{"start":{"line":151,"column":10},"end":{"line":151,"column":11}},"loc":{"start":{"line":151,"column":20},"end":{"line":151,"column":31}},"line":151},"12":{"name":"(anonymous_12)","decl":{"start":{"line":152,"column":9},"end":{"line":152,"column":10}},"loc":{"start":{"line":152,"column":24},"end":{"line":152,"column":31}},"line":152},"13":{"name":"(anonymous_13)","decl":{"start":{"line":155,"column":26},"end":{"line":155,"column":27}},"loc":{"start":{"line":156,"column":2},"end":{"line":159,"column":null}},"line":156},"14":{"name":"(anonymous_14)","decl":{"start":{"line":157,"column":4},"end":{"line":157,"column":5}},"loc":{"start":{"line":157,"column":28},"end":{"line":157,"column":null}},"line":157}},"branchMap":{"0":{"loc":{"start":{"line":22,"column":2},"end":{"line":22,"column":null}},"type":"if","locations":[{"start":{"line":22,"column":2},"end":{"line":22,"column":null}},{"start":{},"end":{}}],"line":22},"1":{"loc":{"start":{"line":32,"column":2},"end":{"line":34,"column":null}},"type":"if","locations":[{"start":{"line":32,"column":2},"end":{"line":34,"column":null}},{"start":{},"end":{}}],"line":32},"2":{"loc":{"start":{"line":36,"column":2},"end":{"line":46,"column":null}},"type":"if","locations":[{"start":{"line":36,"column":2},"end":{"line":46,"column":null}},{"start":{},"end":{}}],"line":36},"3":{"loc":{"start":{"line":39,"column":25},"end":{"line":39,"column":null}},"type":"cond-expr","locations":[{"start":{"line":39,"column":37},"end":{"line":39,"column":42}},{"start":{"line":39,"column":42},"end":{"line":39,"column":null}}],"line":39},"4":{"loc":{"start":{"line":65,"column":2},"end":{"line":68,"column":null}},"type":"if","locations":[{"start":{"line":65,"column":2},"end":{"line":68,"column":null}},{"start":{},"end":{}}],"line":65},"5":{"loc":{"start":{"line":70,"column":2},"end":{"line":70,"column":null}},"type":"if","locations":[{"start":{"line":70,"column":2},"end":{"line":70,"column":null}},{"start":{},"end":{}}],"line":70},"6":{"loc":{"start":{"line":80,"column":2},"end":{"line":83,"column":null}},"type":"if","locations":[{"start":{"line":80,"column":2},"end":{"line":83,"column":null}},{"start":{},"end":{}}],"line":80},"7":{"loc":{"start":{"line":80,"column":6},"end":{"line":80,"column":50}},"type":"binary-expr","locations":[{"start":{"line":80,"column":6},"end":{"line":80,"column":19}},{"start":{"line":80,"column":19},"end":{"line":80,"column":50}}],"line":80},"8":{"loc":{"start":{"line":87,"column":10},"end":{"line":87,"column":null}},"type":"binary-expr","locations":[{"start":{"line":87,"column":10},"end":{"line":87,"column":18}},{"start":{"line":87,"column":18},"end":{"line":87,"column":null}}],"line":87},"9":{"loc":{"start":{"line":105,"column":2},"end":{"line":108,"column":null}},"type":"if","locations":[{"start":{"line":105,"column":2},"end":{"line":108,"column":null}},{"start":{},"end":{}}],"line":105},"10":{"loc":{"start":{"line":110,"column":2},"end":{"line":112,"column":null}},"type":"if","locations":[{"start":{"line":110,"column":2},"end":{"line":112,"column":null}},{"start":{},"end":{}}],"line":110},"11":{"loc":{"start":{"line":110,"column":6},"end":{"line":110,"column":44}},"type":"binary-expr","locations":[{"start":{"line":110,"column":6},"end":{"line":110,"column":20}},{"start":{"line":110,"column":20},"end":{"line":110,"column":44}}],"line":110},"12":{"loc":{"start":{"line":121,"column":2},"end":{"line":124,"column":null}},"type":"if","locations":[{"start":{"line":121,"column":2},"end":{"line":124,"column":null}},{"start":{},"end":{}}],"line":121},"13":{"loc":{"start":{"line":121,"column":6},"end":{"line":121,"column":52}},"type":"binary-expr","locations":[{"start":{"line":121,"column":6},"end":{"line":121,"column":20}},{"start":{"line":121,"column":20},"end":{"line":121,"column":52}}],"line":121},"14":{"loc":{"start":{"line":128,"column":34},"end":{"line":128,"column":72}},"type":"binary-expr","locations":[{"start":{"line":128,"column":34},"end":{"line":128,"column":53}},{"start":{"line":128,"column":53},"end":{"line":128,"column":72}}],"line":128},"15":{"loc":{"start":{"line":134,"column":10},"end":{"line":134,"column":null}},"type":"binary-expr","locations":[{"start":{"line":134,"column":10},"end":{"line":134,"column":39}},{"start":{"line":134,"column":39},"end":{"line":134,"column":null}}],"line":134},"16":{"loc":{"start":{"line":143,"column":26},"end":{"line":143,"column":53}},"type":"binary-expr","locations":[{"start":{"line":143,"column":26},"end":{"line":143,"column":48}},{"start":{"line":143,"column":48},"end":{"line":143,"column":53}}],"line":143},"17":{"loc":{"start":{"line":146,"column":26},"end":{"line":146,"column":53}},"type":"binary-expr","locations":[{"start":{"line":146,"column":26},"end":{"line":146,"column":48}},{"start":{"line":146,"column":48},"end":{"line":146,"column":53}}],"line":146},"18":{"loc":{"start":{"line":157,"column":37},"end":{"line":157,"column":null}},"type":"binary-expr","locations":[{"start":{"line":157,"column":37},"end":{"line":157,"column":60}},{"start":{"line":157,"column":60},"end":{"line":157,"column":null}}],"line":157}},"s":{"0":1,"1":0,"2":0,"3":0,"4":0,"5":1,"6":1,"7":1,"8":0,"9":1,"10":1,"11":1,"12":1,"13":0,"14":0,"15":0,"16":0,"17":0,"18":0,"19":0,"20":0,"21":0,"22":0,"23":0,"24":0,"25":0,"26":0,"27":0,"28":0,"29":0,"30":0,"31":0,"32":0,"33":0,"34":0,"35":0,"36":0,"37":0,"38":0,"39":0,"40":0,"41":0,"42":0,"43":0,"44":0,"45":0,"46":0,"47":0,"48":0,"49":1,"50":0,"51":0,"52":0,"53":0,"54":0,"55":0,"56":0,"57":0,"58":0,"59":1,"60":0,"61":0},"f":{"0":0,"1":1,"2":1,"3":0,"4":0,"5":0,"6":0,"7":0,"8":0,"9":0,"10":0,"11":0,"12":0,"13":0,"14":0},"b":{"0":[1,0],"1":[1,0],"2":[0,0],"3":[0,0],"4":[0,0],"5":[0,0],"6":[0,0],"7":[0,0],"8":[0,0],"9":[0,0],"10":[0,0],"11":[0,0],"12":[0,0],"13":[0,0],"14":[0,0],"15":[0,0],"16":[0,0],"17":[0,0],"18":[0,0]},"meta":{"lastBranch":19,"lastFunction":15,"lastStatement":62,"seen":{"s:14:24:19:Infinity":0,"f:14:24:14:25":0,"s:15:12:15:Infinity":1,"s:16:12:16:Infinity":2,"s:17:14:17:Infinity":3,"s:18:2:18:Infinity":4,"s:21:33:24:Infinity":5,"f:21:33:21:34":1,"b:22:2:22:Infinity:undefined:undefined:undefined:undefined":0,"s:22:2:22:Infinity":6,"s:22:18:22:Infinity":7,"s:23:2:23:Infinity":8,"s:26:31:51:Infinity":9,"f:26:31:26:Infinity":2,"s:30:15:30:Infinity":10,"b:32:2:34:Infinity:undefined:undefined:undefined:undefined":1,"s:32:2:34:Infinity":11,"s:33:4:33:Infinity":12,"b:36:2:46:Infinity:undefined:undefined:undefined:undefined":2,"s:36:2:46:Infinity":13,"s:38:16:38:Infinity":14,"s:39:25:39:Infinity":15,"b:39:37:39:42:39:42:39:Infinity":3,"s:40:10:40:Infinity":16,"s:41:10:41:Infinity":17,"s:42:4:45:Infinity":18,"s:48:8:48:Infinity":19,"s:49:8:49:Infinity":20,"s:50:2:50:Infinity":21,"f:53:22:53:Infinity":3,"s:58:49:63:Infinity":22,"b:65:2:68:Infinity:undefined:undefined:undefined:undefined":4,"s:65:2:68:Infinity":23,"s:66:4:66:Infinity":24,"s:67:4:67:Infinity":25,"b:70:2:70:Infinity:undefined:undefined:undefined:undefined":5,"s:70:2:70:Infinity":26,"s:70:16:70:Infinity":27,"s:72:43:78:Infinity":28,"b:80:2:83:Infinity:undefined:undefined:undefined:undefined":6,"s:80:2:83:Infinity":29,"b:80:6:80:19:80:19:80:50":7,"s:81:4:81:Infinity":30,"s:82:4:82:Infinity":31,"s:85:2:88:Infinity":32,"b:87:10:87:18:87:18:87:Infinity":8,"f:91:22:91:Infinity":4,"s:97:53:103:Infinity":33,"b:105:2:108:Infinity:undefined:undefined:undefined:undefined":9,"s:105:2:108:Infinity":34,"s:106:4:106:Infinity":35,"s:107:4:107:Infinity":36,"b:110:2:112:Infinity:undefined:undefined:undefined:undefined":10,"s:110:2:112:Infinity":37,"b:110:6:110:20:110:20:110:44":11,"s:111:4:111:Infinity":38,"s:114:45:119:Infinity":39,"b:121:2:124:Infinity:undefined:undefined:undefined:undefined":12,"s:121:2:124:Infinity":40,"b:121:6:121:20:121:20:121:52":13,"s:122:4:122:Infinity":41,"s:123:4:123:Infinity":42,"s:126:18:126:Infinity":43,"s:127:2:130:Infinity":44,"f:127:17:127:18":5,"s:128:16:128:Infinity":45,"b:128:34:128:53:128:53:128:72":14,"s:129:4:129:Infinity":46,"s:132:2:135:Infinity":47,"f:132:23:132:24":6,"s:132:37:135:4":48,"b:134:10:134:39:134:39:134:Infinity":15,"s:138:29:153:Infinity":49,"f:138:29:138:30":7,"s:139:16:139:Infinity":50,"s:141:2:148:Infinity":51,"f:141:21:141:22":8,"s:142:4:144:Infinity":52,"f:142:39:142:40":9,"s:143:6:143:Infinity":53,"b:143:26:143:48:143:48:143:53":16,"s:145:4:147:Infinity":54,"f:145:28:145:29":10,"s:146:6:146:Infinity":55,"b:146:26:146:48:146:48:146:53":17,"s:150:2:152:Infinity":56,"f:151:10:151:11":11,"s:151:20:151:31":57,"f:152:9:152:10":12,"s:152:24:152:31":58,"s:155:26:159:Infinity":59,"f:155:26:155:27":13,"s:156:2:159:Infinity":60,"f:157:4:157:5":14,"s:157:28:157:Infinity":61,"b:157:37:157:60:157:60:157:Infinity":18}}}
,"/Users/wangchanghao/Projects/AIJournal/webapp/src/lib/reflections/generator.ts": {"path":"/Users/wangchanghao/Projects/AIJournal/webapp/src/lib/reflections/generator.ts","statementMap":{"0":{"start":{"line":26,"column":19},"end":{"line":26,"column":null}},"1":{"start":{"line":27,"column":20},"end":{"line":27,"column":null}},"2":{"start":{"line":29,"column":22},"end":{"line":30,"column":null}},"3":{"start":{"line":30,"column":2},"end":{"line":30,"column":null}},"4":{"start":{"line":30,"column":26},"end":{"line":30,"column":56}},"5":{"start":{"line":41,"column":19},"end":{"line":48,"column":null}},"6":{"start":{"line":42,"column":2},"end":{"line":42,"column":null}},"7":{"start":{"line":42,"column":14},"end":{"line":42,"column":null}},"8":{"start":{"line":43,"column":39},"end":{"line":43,"column":null}},"9":{"start":{"line":44,"column":2},"end":{"line":44,"column":null}},"10":{"start":{"line":44,"column":44},"end":{"line":44,"column":null}},"11":{"start":{"line":45,"column":2},"end":{"line":45,"column":null}},"12":{"start":{"line":45,"column":40},"end":{"line":45,"column":null}},"13":{"start":{"line":46,"column":2},"end":{"line":46,"column":null}},"14":{"start":{"line":46,"column":37},"end":{"line":46,"column":null}},"15":{"start":{"line":47,"column":2},"end":{"line":47,"column":null}},"16":{"start":{"line":50,"column":29},"end":{"line":79,"column":null}},"17":{"start":{"line":51,"column":26},"end":{"line":55,"column":null}},"18":{"start":{"line":57,"column":2},"end":{"line":59,"column":null}},"19":{"start":{"line":58,"column":4},"end":{"line":58,"column":null}},"20":{"start":{"line":62,"column":4},"end":{"line":68,"column":null}},"21":{"start":{"line":70,"column":2},"end":{"line":72,"column":null}},"22":{"start":{"line":71,"column":4},"end":{"line":71,"column":null}},"23":{"start":{"line":74,"column":2},"end":{"line":76,"column":null}},"24":{"start":{"line":75,"column":4},"end":{"line":75,"column":null}},"25":{"start":{"line":78,"column":2},"end":{"line":78,"column":null}},"26":{"start":{"line":81,"column":30},"end":{"line":84,"column":null}},"27":{"start":{"line":82,"column":16},"end":{"line":82,"column":null}},"28":{"start":{"line":83,"column":2},"end":{"line":83,"column":null}},"29":{"start":{"line":86,"column":28},"end":{"line":109,"column":null}},"30":{"start":{"line":89,"column":2},"end":{"line":109,"column":null}},"31":{"start":{"line":91,"column":23},"end":{"line":95,"column":null}},"32":{"start":{"line":96,"column":6},"end":{"line":100,"column":null}},"33":{"start":{"line":97,"column":8},"end":{"line":99,"column":null}},"34":{"start":{"line":101,"column":23},"end":{"line":103,"column":null}},"35":{"start":{"line":104,"column":6},"end":{"line":106,"column":null}},"36":{"start":{"line":105,"column":8},"end":{"line":105,"column":null}},"37":{"start":{"line":107,"column":6},"end":{"line":107,"column":null}},"38":{"start":{"line":111,"column":24},"end":{"line":144,"column":null}},"39":{"start":{"line":116,"column":16},"end":{"line":122,"column":null}},"40":{"start":{"line":118,"column":28},"end":{"line":118,"column":null}},"41":{"start":{"line":124,"column":2},"end":{"line":133,"column":null}},"42":{"start":{"line":146,"column":22},"end":{"line":146,"column":null}},"43":{"start":{"line":169,"column":8},"end":{"line":169,"column":null}},"44":{"start":{"line":170,"column":8},"end":{"line":170,"column":null}},"45":{"start":{"line":172,"column":2},"end":{"line":275,"column":null}},"46":{"start":{"line":173,"column":22},"end":{"line":173,"column":null}},"47":{"start":{"line":175,"column":4},"end":{"line":177,"column":null}},"48":{"start":{"line":176,"column":6},"end":{"line":176,"column":null}},"49":{"start":{"line":179,"column":24},"end":{"line":179,"column":null}},"50":{"start":{"line":180,"column":23},"end":{"line":185,"column":null}},"51":{"start":{"line":187,"column":23},"end":{"line":197,"column":null}},"52":{"start":{"line":199,"column":16},"end":{"line":199,"column":null}},"53":{"start":{"line":200,"column":17},"end":{"line":202,"column":null}},"54":{"start":{"line":201,"column":27},"end":{"line":201,"column":44}},"55":{"start":{"line":205,"column":4},"end":{"line":218,"column":null}},"56":{"start":{"line":206,"column":18},"end":{"line":206,"column":null}},"57":{"start":{"line":208,"column":6},"end":{"line":209,"column":null}},"58":{"start":{"line":209,"column":8},"end":{"line":209,"column":null}},"59":{"start":{"line":210,"column":6},"end":{"line":211,"column":null}},"60":{"start":{"line":211,"column":8},"end":{"line":211,"column":null}},"61":{"start":{"line":212,"column":6},"end":{"line":213,"column":null}},"62":{"start":{"line":213,"column":8},"end":{"line":213,"column":null}},"63":{"start":{"line":214,"column":6},"end":{"line":214,"column":null}},"64":{"start":{"line":216,"column":6},"end":{"line":216,"column":null}},"65":{"start":{"line":217,"column":6},"end":{"line":217,"column":null}},"66":{"start":{"line":220,"column":21},"end":{"line":220,"column":null}},"67":{"start":{"line":221,"column":18},"end":{"line":224,"column":null}},"68":{"start":{"line":226,"column":27},"end":{"line":226,"column":null}},"69":{"start":{"line":228,"column":59},"end":{"line":243,"column":null}},"70":{"start":{"line":245,"column":28},"end":{"line":250,"column":null}},"71":{"start":{"line":252,"column":4},"end":{"line":255,"column":null}},"72":{"start":{"line":253,"column":6},"end":{"line":253,"column":null}},"73":{"start":{"line":254,"column":6},"end":{"line":254,"column":null}},"74":{"start":{"line":257,"column":4},"end":{"line":274,"column":null}},"75":{"start":{"line":277,"column":21},"end":{"line":282,"column":null}},"76":{"start":{"line":284,"column":2},"end":{"line":286,"column":null}},"77":{"start":{"line":285,"column":4},"end":{"line":285,"column":null}},"78":{"start":{"line":289,"column":4},"end":{"line":291,"column":null}},"79":{"start":{"line":293,"column":18},"end":{"line":295,"column":null}},"80":{"start":{"line":297,"column":21},"end":{"line":311,"column":null}},"81":{"start":{"line":313,"column":15},"end":{"line":313,"column":null}},"82":{"start":{"line":314,"column":16},"end":{"line":316,"column":null}},"83":{"start":{"line":315,"column":26},"end":{"line":315,"column":43}},"84":{"start":{"line":319,"column":2},"end":{"line":331,"column":null}},"85":{"start":{"line":320,"column":17},"end":{"line":320,"column":null}},"86":{"start":{"line":321,"column":4},"end":{"line":322,"column":null}},"87":{"start":{"line":322,"column":6},"end":{"line":322,"column":null}},"88":{"start":{"line":323,"column":4},"end":{"line":324,"column":null}},"89":{"start":{"line":324,"column":6},"end":{"line":324,"column":null}},"90":{"start":{"line":325,"column":4},"end":{"line":326,"column":null}},"91":{"start":{"line":326,"column":6},"end":{"line":326,"column":null}},"92":{"start":{"line":327,"column":4},"end":{"line":327,"column":null}},"93":{"start":{"line":329,"column":4},"end":{"line":329,"column":null}},"94":{"start":{"line":330,"column":4},"end":{"line":330,"column":null}},"95":{"start":{"line":333,"column":51},"end":{"line":339,"column":null}},"96":{"start":{"line":341,"column":2},"end":{"line":344,"column":null}},"97":{"start":{"line":342,"column":4},"end":{"line":342,"column":null}},"98":{"start":{"line":343,"column":4},"end":{"line":343,"column":null}},"99":{"start":{"line":346,"column":25},"end":{"line":346,"column":null}},"100":{"start":{"line":348,"column":20},"end":{"line":354,"column":null}},"101":{"start":{"line":350,"column":28},"end":{"line":350,"column":null}},"102":{"start":{"line":356,"column":60},"end":{"line":380,"column":null}},"103":{"start":{"line":382,"column":26},"end":{"line":386,"column":null}},"104":{"start":{"line":388,"column":2},"end":{"line":391,"column":null}},"105":{"start":{"line":389,"column":4},"end":{"line":389,"column":null}},"106":{"start":{"line":390,"column":4},"end":{"line":390,"column":null}},"107":{"start":{"line":393,"column":2},"end":{"line":409,"column":null}}},"fnMap":{"0":{"name":"(anonymous_0)","decl":{"start":{"line":29,"column":22},"end":{"line":29,"column":23}},"loc":{"start":{"line":30,"column":2},"end":{"line":30,"column":null}},"line":30},"1":{"name":"(anonymous_1)","decl":{"start":{"line":30,"column":16},"end":{"line":30,"column":17}},"loc":{"start":{"line":30,"column":26},"end":{"line":30,"column":56}},"line":30},"2":{"name":"(anonymous_2)","decl":{"start":{"line":41,"column":19},"end":{"line":41,"column":20}},"loc":{"start":{"line":41,"column":55},"end":{"line":48,"column":null}},"line":41},"3":{"name":"(anonymous_3)","decl":{"start":{"line":50,"column":29},"end":{"line":50,"column":30}},"loc":{"start":{"line":50,"column":68},"end":{"line":79,"column":null}},"line":50},"4":{"name":"(anonymous_4)","decl":{"start":{"line":81,"column":30},"end":{"line":81,"column":31}},"loc":{"start":{"line":81,"column":74},"end":{"line":84,"column":null}},"line":81},"5":{"name":"(anonymous_5)","decl":{"start":{"line":86,"column":28},"end":{"line":86,"column":null}},"loc":{"start":{"line":89,"column":2},"end":{"line":109,"column":null}},"line":89},"6":{"name":"(anonymous_6)","decl":{"start":{"line":90,"column":9},"end":{"line":90,"column":10}},"loc":{"start":{"line":90,"column":32},"end":{"line":108,"column":5}},"line":90},"7":{"name":"(anonymous_7)","decl":{"start":{"line":111,"column":24},"end":{"line":111,"column":null}},"loc":{"start":{"line":115,"column":5},"end":{"line":144,"column":null}},"line":115},"8":{"name":"(anonymous_8)","decl":{"start":{"line":118,"column":6},"end":{"line":118,"column":7}},"loc":{"start":{"line":118,"column":28},"end":{"line":118,"column":null}},"line":118},"9":{"name":"generateReflection","decl":{"start":{"line":162,"column":22},"end":{"line":162,"column":41}},"loc":{"start":{"line":168,"column":45},"end":{"line":410,"column":null}},"line":168},"10":{"name":"(anonymous_10)","decl":{"start":{"line":201,"column":16},"end":{"line":201,"column":17}},"loc":{"start":{"line":201,"column":27},"end":{"line":201,"column":44}},"line":201},"11":{"name":"(anonymous_11)","decl":{"start":{"line":315,"column":15},"end":{"line":315,"column":16}},"loc":{"start":{"line":315,"column":26},"end":{"line":315,"column":43}},"line":315},"12":{"name":"(anonymous_12)","decl":{"start":{"line":350,"column":6},"end":{"line":350,"column":7}},"loc":{"start":{"line":350,"column":28},"end":{"line":350,"column":null}},"line":350}},"branchMap":{"0":{"loc":{"start":{"line":26,"column":19},"end":{"line":26,"column":null}},"type":"binary-expr","locations":[{"start":{"line":26,"column":19},"end":{"line":26,"column":58}},{"start":{"line":26,"column":58},"end":{"line":26,"column":null}}],"line":26},"1":{"loc":{"start":{"line":30,"column":2},"end":{"line":30,"column":null}},"type":"binary-expr","locations":[{"start":{"line":30,"column":2},"end":{"line":30,"column":61}},{"start":{"line":30,"column":61},"end":{"line":30,"column":null}}],"line":30},"2":{"loc":{"start":{"line":30,"column":26},"end":{"line":30,"column":56}},"type":"binary-expr","locations":[{"start":{"line":30,"column":26},"end":{"line":30,"column":34}},{"start":{"line":30,"column":34},"end":{"line":30,"column":56}}],"line":30},"3":{"loc":{"start":{"line":42,"column":2},"end":{"line":42,"column":null}},"type":"if","locations":[{"start":{"line":42,"column":2},"end":{"line":42,"column":null}},{"start":{},"end":{}}],"line":42},"4":{"loc":{"start":{"line":44,"column":2},"end":{"line":44,"column":null}},"type":"if","locations":[{"start":{"line":44,"column":2},"end":{"line":44,"column":null}},{"start":{},"end":{}}],"line":44},"5":{"loc":{"start":{"line":45,"column":2},"end":{"line":45,"column":null}},"type":"if","locations":[{"start":{"line":45,"column":2},"end":{"line":45,"column":null}},{"start":{},"end":{}}],"line":45},"6":{"loc":{"start":{"line":46,"column":2},"end":{"line":46,"column":null}},"type":"if","locations":[{"start":{"line":46,"column":2},"end":{"line":46,"column":null}},{"start":{},"end":{}}],"line":46},"7":{"loc":{"start":{"line":47,"column":9},"end":{"line":47,"column":null}},"type":"cond-expr","locations":[{"start":{"line":47,"column":36},"end":{"line":47,"column":62}},{"start":{"line":47,"column":62},"end":{"line":47,"column":null}}],"line":47},"8":{"loc":{"start":{"line":54,"column":20},"end":{"line":54,"column":44}},"type":"binary-expr","locations":[{"start":{"line":54,"column":20},"end":{"line":54,"column":43}},{"start":{"line":54,"column":43},"end":{"line":54,"column":44}}],"line":54},"9":{"loc":{"start":{"line":57,"column":2},"end":{"line":59,"column":null}},"type":"if","locations":[{"start":{"line":57,"column":2},"end":{"line":59,"column":null}},{"start":{},"end":{}}],"line":57},"10":{"loc":{"start":{"line":62,"column":4},"end":{"line":68,"column":null}},"type":"cond-expr","locations":[{"start":{"line":63,"column":8},"end":{"line":67,"column":null}},{"start":{"line":68,"column":8},"end":{"line":68,"column":null}}],"line":62},"11":{"loc":{"start":{"line":62,"column":4},"end":{"line":62,"column":null}},"type":"binary-expr","locations":[{"start":{"line":62,"column":4},"end":{"line":62,"column":41}},{"start":{"line":62,"column":41},"end":{"line":62,"column":null}}],"line":62},"12":{"loc":{"start":{"line":65,"column":10},"end":{"line":66,"column":null}},"type":"binary-expr","locations":[{"start":{"line":65,"column":10},"end":{"line":65,"column":null}},{"start":{"line":66,"column":12},"end":{"line":66,"column":null}}],"line":65},"13":{"loc":{"start":{"line":65,"column":24},"end":{"line":65,"column":55}},"type":"binary-expr","locations":[{"start":{"line":65,"column":24},"end":{"line":65,"column":53}},{"start":{"line":65,"column":53},"end":{"line":65,"column":55}}],"line":65},"14":{"loc":{"start":{"line":66,"column":26},"end":{"line":66,"column":46}},"type":"binary-expr","locations":[{"start":{"line":66,"column":26},"end":{"line":66,"column":44}},{"start":{"line":66,"column":44},"end":{"line":66,"column":46}}],"line":66},"15":{"loc":{"start":{"line":70,"column":2},"end":{"line":72,"column":null}},"type":"if","locations":[{"start":{"line":70,"column":2},"end":{"line":72,"column":null}},{"start":{},"end":{}}],"line":70},"16":{"loc":{"start":{"line":74,"column":2},"end":{"line":76,"column":null}},"type":"if","locations":[{"start":{"line":74,"column":2},"end":{"line":76,"column":null}},{"start":{},"end":{}}],"line":74},"17":{"loc":{"start":{"line":74,"column":6},"end":{"line":74,"column":50}},"type":"binary-expr","locations":[{"start":{"line":74,"column":6},"end":{"line":74,"column":27}},{"start":{"line":74,"column":27},"end":{"line":74,"column":50}}],"line":74},"18":{"loc":{"start":{"line":82,"column":16},"end":{"line":82,"column":null}},"type":"cond-expr","locations":[{"start":{"line":82,"column":36},"end":{"line":82,"column":45}},{"start":{"line":82,"column":45},"end":{"line":82,"column":null}}],"line":82},"19":{"loc":{"start":{"line":94,"column":20},"end":{"line":94,"column":44}},"type":"binary-expr","locations":[{"start":{"line":94,"column":20},"end":{"line":94,"column":43}},{"start":{"line":94,"column":43},"end":{"line":94,"column":44}}],"line":94},"20":{"loc":{"start":{"line":96,"column":6},"end":{"line":100,"column":null}},"type":"if","locations":[{"start":{"line":96,"column":6},"end":{"line":100,"column":null}},{"start":{},"end":{}
[...]
n":null}}],"line":230},"43":{"loc":{"start":{"line":232,"column":19},"end":{"line":234,"column":null}},"type":"cond-expr","locations":[{"start":{"line":233,"column":11},"end":{"line":233,"column":null}},{"start":{"line":234,"column":10},"end":{"line":234,"column":null}}],"line":232},"44":{"loc":{"start":{"line":233,"column":11},"end":{"line":233,"column":null}},"type":"binary-expr","locations":[{"start":{"line":233,"column":11},"end":{"line":233,"column":35}},{"start":{"line":233,"column":35},"end":{"line":233,"column":null}}],"line":233},"45":{"loc":{"start":{"line":235,"column":20},"end":{"line":237,"column":null}},"type":"cond-expr","locations":[{"start":{"line":236,"column":10},"end":{"line":236,"column":null}},{"start":{"line":237,"column":10},"end":{"line":237,"column":null}}],"line":235},"46":{"loc":{"start":{"line":238,"column":19},"end":{"line":238,"column":null}},"type":"cond-expr","locations":[{"start":{"line":238,"column":36},"end":{"line":238,"column":59}},{"start":{"line":238,"column":59},"end":{"line":238,"column":null}}],"line":238},"47":{"loc":{"start":{"line":239,"column":17},"end":{"line":239,"column":null}},"type":"cond-expr","locations":[{"start":{"line":239,"column":34},"end":{"line":239,"column":55}},{"start":{"line":239,"column":55},"end":{"line":239,"column":null}}],"line":239},"48":{"loc":{"start":{"line":252,"column":4},"end":{"line":255,"column":null}},"type":"if","locations":[{"start":{"line":252,"column":4},"end":{"line":255,"column":null}},{"start":{},"end":{}}],"line":252},"49":{"loc":{"start":{"line":270,"column":14},"end":{"line":270,"column":null}},"type":"binary-expr","locations":[{"start":{"line":270,"column":14},"end":{"line":270,"column":63}},{"start":{"line":270,"column":63},"end":{"line":270,"column":null}}],"line":270},"50":{"loc":{"start":{"line":271,"column":14},"end":{"line":271,"column":null}},"type":"binary-expr","locations":[{"start":{"line":271,"column":14},"end":{"line":271,"column":29}},{"start":{"line":271,"column":29},"end":{"line":271,"column":null}}],"line":271},"51":{"loc":{"start":{"line":273,"column":18},"end":{"line":273,"column":null}},"type":"binary-expr","locations":[{"start":{"line":273,"column":18},"end":{"line":273,"column":38}},{"start":{"line":273,"column":38},"end":{"line":273,"column":null}}],"line":273},"52":{"loc":{"start":{"line":284,"column":2},"end":{"line":286,"column":null}},"type":"if","locations":[{"start":{"line":284,"column":2},"end":{"line":286,"column":null}},{"start":{},"end":{}}],"line":284},"53":{"loc":{"start":{"line":289,"column":4},"end":{"line":291,"column":null}},"type":"cond-expr","locations":[{"start":{"line":290,"column":8},"end":{"line":290,"column":null}},{"start":{"line":291,"column":8},"end":{"line":291,"column":null}}],"line":289},"54":{"loc":{"start":{"line":314,"column":16},"end":{"line":316,"column":null}},"type":"cond-expr","locations":[{"start":{"line":315,"column":6},"end":{"line":315,"column":null}},{"start":{"line":316,"column":7},"end":{"line":316,"column":null}}],"line":314},"55":{"loc":{"start":{"line":315,"column":26},"end":{"line":315,"column":43}},"type":"binary-expr","locations":[{"start":{"line":315,"column":26},"end":{"line":315,"column":41}},{"start":{"line":315,"column":41},"end":{"line":315,"column":43}}],"line":315},"56":{"loc":{"start":{"line":316,"column":7},"end":{"line":316,"column":null}},"type":"binary-expr","locations":[{"start":{"line":316,"column":7},"end":{"line":316,"column":15}},{"start":{"line":316,"column":15},"end":{"line":316,"column":null}}],"line":316},"57":{"loc":{"start":{"line":320,"column":28},"end":{"line":320,"column":41}},"type":"binary-expr","locations":[{"start":{"line":320,"column":28},"end":{"line":320,"column":37}},{"start":{"line":320,"column":37},"end":{"line":320,"column":41}}],"line":320},"58":{"loc":{"start":{"line":321,"column":4},"end":{"line":322,"column":null}},"type":"if","locations":[{"start":{"line":321,"column":4},"end":{"line":322,"column":null}},{"start":{},"end":{}}],"line":321},"59":{"loc":{"start":{"line":323,"column":4},"end":{"line":324,"column":null}},"type":"if","locations":[{"start":{"line":323,"column":4},"end":{"line":324,"column":null}},{"start":{},"end":{}}],"line":323},"60":{"loc":{"start":{"line":325,"column":4},"end":{"line":326,"column":null}},"type":"if","locations":[{"start":{"line":325,"column":4},"end":{"line":326,"column":null}},{"start":{},"end":{}}],"line":325},"61":{"loc":{"start":{"line":325,"column":8},"end":{"line":325,"column":null}},"type":"binary-expr","locations":[{"start":{"line":325,"column":8},"end":{"line":325,"column":22}},{"start":{"line":325,"column":22},"end":{"line":325,"column":null}}],"line":325},"62":{"loc":{"start":{"line":341,"column":2},"end":{"line":344,"column":null}},"type":"if","locations":[{"start":{"line":341,"column":2},"end":{"line":344,"column":null}},{"start":{},"end":{}}],"line":341},"63":{"loc":{"start":{"line":346,"column":25},"end":{"line":346,"column":null}},"type":"binary-expr","locations":[{"start":{"line":346,"column":25},"end":{"line":346,"column":45}},{"start":{"line":346,"column":45},"end":{"line":346,"column":null}}],"line":346},"64":{"loc":{"start":{"line":348,"column":20},"end":{"line":354,"column":null}},"type":"binary-expr","locations":[{"start":{"line":348,"column":20},"end":{"line":348,"column":36}},{"start":{"line":348,"column":36},"end":{"line":354,"column":null}}],"line":348},"65":{"loc":{"start":{"line":350,"column":37},"end":{"line":350,"column":null}},"type":"binary-expr","locations":[{"start":{"line":350,"column":37},"end":{"line":350,"column":70}},{"start":{"line":350,"column":70},"end":{"line":350,"column":null}}],"line":350},"66":{"loc":{"start":{"line":361,"column":18},"end":{"line":363,"column":null}},"type":"cond-expr","locations":[{"start":{"line":362,"column":9},"end":{"line":362,"column":null}},{"start":{"line":363,"column":8},"end":{"line":363,"column":null}}],"line":361},"67":{"loc":{"start":{"line":362,"column":9},"end":{"line":362,"column":null}},"type":"binary-expr","locations":[{"start":{"line":362,"column":9},"end":{"line":362,"column":35}},{"start":{"line":362,"column":35},"end":{"line":362,"column":null}}],"line":362},"68":{"loc":{"start":{"line":364,"column":17},"end":{"line":366,"column":null}},"type":"cond-expr","locations":[{"start":{"line":365,"column":9},"end":{"line":365,"column":null}},{"start":{"line":366,"column":8},"end":{"line":366,"column":null}}],"line":364},"69":{"loc":{"start":{"line":365,"column":9},"end":{"line":365,"column":null}},"type":"binary-expr","locations":[{"start":{"line":365,"column":9},"end":{"line":365,"column":34}},{"start":{"line":365,"column":34},"end":{"line":365,"column":null}}],"line":365},"70":{"loc":{"start":{"line":367,"column":18},"end":{"line":369,"column":null}},"type":"cond-expr","locations":[{"start":{"line":368,"column":9},"end":{"line":368,"column":null}},{"start":{"line":369,"column":8},"end":{"line":369,"column":null}}],"line":367},"71":{"loc":{"start":{"line":368,"column":9},"end":{"line":368,"column":null}},"type":"binary-expr","locations":[{"start":{"line":368,"column":9},"end":{"line":368,"column":35}},{"start":{"line":368,"column":35},"end":{"line":368,"column":null}}],"line":368},"72":{"loc":{"start":{"line":370,"column":17},"end":{"line":372,"column":null}},"type":"cond-expr","locations":[{"start":{"line":371,"column":9},"end":{"line":371,"column":null}},{"start":{"line":372,"column":8},"end":{"line":372,"column":null}}],"line":370},"73":{"loc":{"start":{"line":371,"column":9},"end":{"line":371,"column":null}},"type":"binary-expr","locations":[{"start":{"line":371,"column":9},"end":{"line":371,"column":34}},{"start":{"line":371,"column":34},"end":{"line":371,"column":null}}],"line":371},"74":{"loc":{"start":{"line":373,"column":15},"end":{"line":375,"column":null}},"type":"cond-expr","locations":[{"start":{"line":374,"column":9},"end":{"line":374,"column":null}},{"start":{"line":375,"column":8},"end":{"line":375,"column":null}}],"line":373},"75":{"loc":{"start":{"line":374,"column":9},"end":{"line":374,"column":null}},"type":"binary-expr","locations":[{"start":{"line":374,"column":9},"end":{"line":374,"column":32}},{"start":{"line":374,"column":32},"end":{"line":374,"column":null}}],"line":374},"76":{"loc":{"start":{"line":379,"column":12},"end":{"line":379,"column":null}},"type":"binary-expr","locations":[{"start":{"line":379,"column":12},"end":{"line":379,"column":32}},{"start":{"line":379,"column":32},"end":{"line":379,"column":null}}],"line":379},"77":{"loc":{"start":{"line":388,"column":2},"end":{"line":391,"column":null}},"type":"if","locations":[{"start":{"line":388,"column":2},"end":{"line":391,"column":null}},{"start":{},"end":{}}],"line":388},"78":{"loc":{"start":{"line":405,"column":12},"end":{"line":405,"column":null}},"type":"binary-expr","locations":[{"start":{"line":405,"column":12},"end":{"line":405,"column":61}},{"start":{"line":405,"column":61},"end":{"line":405,"column":null}}],"line":405},"79":{"loc":{"start":{"line":406,"column":12},"end":{"line":406,"column":null}},"type":"binary-expr","locations":[{"start":{"line":406,"column":12},"end":{"line":406,"column":27}},{"start":{"line":406,"column":27},"end":{"line":406,"column":null}}],"line":406},"80":{"loc":{"start":{"line":408,"column":16},"end":{"line":408,"column":null}},"type":"binary-expr","locations":[{"start":{"line":408,"column":16},"end":{"line":408,"column":36}},{"start":{"line":408,"column":36},"end":{"line":408,"column":null}}],"line":408}},"s":{"0":1,"1":1,"2":1,"3":3,"4":3,"5":1,"6":1,"7":0,"8":1,"9":1,"10":0,"11":1,"12":0,"13":1,"14":1,"15":1,"16":1,"17":1,"18":1,"19":1,"20":1,"21":1,"22":1,"23":1,"24":0,"25":1,"26":1,"27":0,"28":0,"29":1,"30":0,"31":0,"32":0,"33":0,"34":0,"35":0,"36":0,"37":0,"38":1,"39":1,"40":1,"41":1,"42":1,"43":1,"44":1,"45":1,"46":1,"47":1,"48":0,"49":1,"50":1,"51":1,"52":1,"53":1,"54":0,"55":1,"56":1,"57":1,"58":1,"59":1,"60":1,"61":1,"62":1,"63":1,"64":0,"65":0,"66":1,"67":1,"68":1,"69":1,"70":1,"71":1,"72":0,"73":0,"74":1,"75":0,"76":0,"77":0,"78":0,"79":1,"80":1,"81":0,"82":1,"83":0,"84":1,"85":1,"86":1,"87":0,"88":0,"89":0,"90":0,"91":0,"92":0,"93":0,"94":0,"95":0,"96":0,"97":0,"98":0,"99":0,"100":1,"101":0,"102":1,"103":1,"104":0,"105":0,"106":0,"107":0},"f":{"0":3,"1":3,"2":1,"3":1,"4":0,"5":0,"6":0,"7":1,"8":1,"9":1,"10":0,"11":0,"12":0},"b":{"0":[1,1],"1":[3,0],"2":[3,3],"3":[0,1],"4":[0,1],"5":[0,1],"6":[1,0],"7":[1,0],"8":[1,0],"9":[1,0],"10":[1,0],"11":[1,0],"12":[1,0],"13":[1,0],"14":[0,0],"15":[1,0],"16":[0,1],"17":[1,1],"18":[0,0],"19":[0,0],"20":[0,0],"21":[0,0],"22":[0,0,0],"23":[0,0,0],"24":[0,0],"25":[1,0],"26":[1,0],"27":[1,0],"28":[1,0],"29":[0,1],"30":[0,1],"31":[0,0],"32":[1,0],"33":[1,0],"34":[1,0],"35":[1,0],"36":[1,0],"37":[1,1],"38":[1,0],"39":[0,0],"40":[1,0],"41":[1,0],"42":[1,0],"43":[1,0],"44":[1,0],"45":[1,0],"46":[1,0],"47":[1,0],"48":[0,1],"49":[1,0],"50":[1,0],"51":[1,0],"52":[0,0],"53":[0,0],"54":[0,0],"55":[0,0],"56":[0,0],"57":[1,0],"58":[0,1],"59":[0,0],"60":[0,0],"61":[0,0],"62":[0,0],"63":[0,0],"64":[1,0],"65":[0,0],"66":[0,0],"67":[0,0],"68":[0,0],"69":[0,0],"70":[0,0],"71":[0,0],"72":[0,0],"73":[0,0],"74":[0,0],"75":[0,0],"76":[1,0],"77":[0,0],"78":[0,0],"79":[1,0],"80":[1,0]},"meta":{"lastBranch":81,"lastFunction":13,"lastStatement":108,"seen":{"s:26:19:26:Infinity":0,"b:26:19:26:58:26:58:26:Infinity":0,"s:27:20:27:Infinity":1,"s:29:22:30:Infinity":2,"f:29:22:29:23":0,"s:30:2:30:Infinity":3,"b:30:2:30:61:30:61:30:Infinity":1,"f:30:16:30:17":1,"s:30:26:30:56":4,"b:30:26:30:34:30:34:30:56":2,"s:41:19:48:Infinity":5,"f:41:19:41:20":2,"b:42:2:42:Infinity:undefined:undefined:undefined:undefined":3,"s:42:2:42:Infinity":6,"s:42:14:42:Infinity":7,"s:43:39:43:Infinity":8,"b:44:2:44:Infinity:undefined:undefined:undefined:undefined":4,"s:44:2:44:Infinity":9,"s:44:44:44:Infinity":10,"b:45:2:45:Infinity:undefined:undefined:undefined:undefined":5,"s:45:2:45:Infinity":11,"s:45:40:45:Infinity":12,"b:46:2:46:Infinity:undefined:undefined:undefined:undefined":6,"s:46:2:46:Infinity":13,"s:46:37:46:Infinity":14,"s:47:2:47:Infinity":15,"b:47:36:47:62:47:62:47:Infinity":7,"s:50:29:79:Infinity":16,"f:50:29:50:30":3,"s:51:26:55:Infinity":17,"b:54:20:54:43:54:43:54:44":8,"b:57:2:59:Infinity:undefined:undefined:undefined:undefined":9,"s:57:2:59:Infinity":18,"s:58:4:58:Infinity":19,"s:62:4:68:Infinity":20,"b:63:8:67:Infinity:68:8:68:Infinity":10,"b:62:4:62:41:62:41:62:Infinity":11,"b:65:10:65:Infinity:66:12:66:Infinity":12,"b:65:24:65:53:65:53:65:55":13,"b:66:26:66:44:66:44:66:46":14,"b:70:2:72:Infinity:undefined:undefined:undefined:undefined":15,"s:70:2:72:Infinity":21,"s:71:4:71:Infinity":22,"b:74:2:76:Infinity:undefined:undefined:undefined:undefined":16,"s:74:2:76:Infinity":23,"b:74:6:74:27:74:27:74:50":17,"s:75:4:75:Infinity":24,"s:78:2:78:Infinity":25,"s:81:30:84:Infinity":26,"f:81:30:81:31":4,"s:82:16:82:Infinity":27,"b:82:36:82:45:82:45:82:Infinity":18,"s:83:2:83:Infinity":28,"s:86:28:109:Infinity":29,"f:86:28:86:Infinity":5,"s:89:2:109:Infinity":30,"f:90:9:90:10":6,"s:91:23:95:Infinity":31,"b:94:20:94:43:94:43:94:44":19,"b:96:6:100:Infinity:undefined:undefined:undefined:undefined":20,"s:96:6:100:Infinity":32,"b:96:10:96:34:96:34:96:53":21,"s:97:8:99:Infinity":33,"b:98:19:98:43:98:43:98:64:98:64:98:73":22,"s:101:23:103:Infinity":34,"b:102:8:102:37:102:37:102:55:102:55:102:Infinity":23,"b:104:6:106:Infinity:undefined:undefined:undefined:undefined":24,"s:104:6:106:Infinity":35,"s:105:8:105:Infinity":36,"s:107:6:107:Infinity":37,"s:111:24:144:Infinity":38,"f:111:24:111:Infinity":7,"s:116:16:122:Infinity":39,"f:118:6:118:7":8,"s:118:28:118:Infinity":40,"b:118:37:118:70:118:70:118:Infinity":25,"s:124:2:133:Infinity":41,"b:125:23:125:31:125:31:125:Infinity":26,"b:133:18:133:50:133:50:133:56":27,"s:146:22:146:Infinity":42,"f:162:22:162:41":9,"s:169:8:169:Infinity":43,"s:170:8:170:Infinity":44,"b:172:2:275:Infinity:undefined:undefined:undefined:undefined":28,"s:172:2:275:Infinity":45,"s:173:22:173:Infinity":46,"b:175:4:177:Infinity:undefined:undefined:undefined:undefined":29,"s:175:4:177:Infinity":47,"s:176:6:176:Infinity":48,"s:179:24:179:Infinity":49,"s:180:23:185:Infinity":50,"s:187:23:197:Infinity":51,"s:199:16:199:Infinity":52,"s:200:17:202:Infinity":53,"b:201:8:201:Infinity:202:9:202:Infinity":30,"f:201:16:201:17":10,"s:201:27:201:44":54,"b:201:27:201:42:201:42:201:44":31,"b:202:9:202:16:202:16:202:Infinity":32,"s:205:4:218:Infinity":55,"s:206:18:206:Infinity":56,"b:206:29:206:37:206:37:206:41":33,"b:208:6:209:Infinity:undefined:undefined:undefined:undefined":34,"s:208:6:209:Infinity":57,"s:209:8:209:Infinity":58,"b:210:6:211:Infinity:undefined:undefined:undefined:undefined":35,"s:210:6:211:Infinity":59,"s:211:8:211:Infinity":60,"b:212:6:213:Infinity:undefined:undefined:undefined:undefined":36,"s:212:6:213:Infinity":61,"b:212:10:212:23:212:23:212:Infinity":37,"s:213:8:213:Infinity":62,"s:214:6:214:Infinity":63,"s:216:6:216:Infinity":64,"s:217:6:217:Infinity":65,"s:220:21:220:Infinity":66,"s:221:18:224:Infinity":67,"b:221:18:221:34:221:34:224:Infinity":38,"b:222:18:222:42:222:42:222:Infinity":39,"s:226:27:226:Infinity":68,"b:226:27:226:46:226:46:226:Infinity":40,"s:228:59:243:Infinity":69,"b:230:11:230:Infinity:231:10:231:Infinity":41,"b:230:11:230:36:230:36:230:Infinity":42,"b:233:11:233:Infinity:234:10:234:Infinity":43,"b:233:11:233:35:233:35:233:Infinity":44,"b:236:10:236:Infinity:237:10:237:Infinity":45,"b:238:36:238:59:238:59:238:Infinity":46,"b:239:34:239:55:239:55:239:Infinity":47,"s:245:28:250:Infinity":70,"b:252:4:255:Infinity:undefined:undefined:undefined:undefined":48,"s:252:4:255:Infinity":71,"s:253:6:253:Infinity":72,"s:254:6:254:Infinity":73,"s:257:4:274:Infinity":74,"b:270:14:270:63:270:63:270:Infinity":49,"b:271:14:271:29:271:29:271:Infinity":50,"b:273:18:273:38:273:38:273:Infinity":51,"s:277:21:282:Infinity":75,"b:284:2:286:Infinity:undefined:undefined:undefined:undefined":52,"s:284:2:286:Infinity":76,"s:285:4:285:Infinity":77,"s:289:4:291:Infinity":78,"b:290:8:290:Infinity:291:8:291:Infinity":53,"s:293:18:295:Infinity":79,"s:297:21:311:Infinity":80,"s:313:15:313:Infinity":81,"s:314:16:316:Infinity":82,"b:315:6:315:Infinity:316:7:316:Infinity":54,"f:315:15:315:16":11,"s:315:26:315:43":83,"b:315:26:315:41:315:41:315:43":55,"b:316:7:316:15:316:15:316:Infinity":56,"s:319:2:331:Infinity":84,"s:320:17:320:Infinity":85,"b:320:28:320:37:320:37:320:41":57,"b:321:4:322:Infinity:undefined:undefined:undefined:undefined":58,"s:321:4:322:Infinity":86,"s:322:6:322:Infinity":87,"b:323:4:324:Infinity:undefined:undefined:undefined:undefined":59,"s:323:4:324:Infinity":88,"s:324:6:324:Infinity":89,"b:325:4:326:Infinity:undefined:undefined:undefined:undefined":60,"s:325:4:326:Infinity":90,"b:325:8:325:22:325:22:325:Infinity":61,"s:326:6:326:Infinity":91,"s:327:4:327:Infinity":92,"s:329:4:329:Infinity":93,"s:330:4:330:Infinity":94,"s:333:51:339:Infinity":95,"b:341:2:344:Infinity:undefined:undefined:undefined:undefined":62,"s:341:2:344:Infinity":96,"s:342:4:342:Infinity":97,"s:343:4:343:Infinity":98,"s:346:25:346:Infinity":99,"b:346:25:346:45:346:45:346:Infinity":63,"s:348:20:354:Infinity":100,"b:348:20:348:36:348:36:354:Infinity":64,"f:350:6:350:7":12,"s:350:28:350:Infinity":101,"b:350:37:350:70:350:70:350:Infinity":65,"s:356:60:380:Infinity":102,"b:362:9:362:Infinity:363:8:363:Infinity":66,"b:362:9:362:35:362:35:362:Infinity":67,"b:365:9:365:Infinity:366:8:366:Infinity":68,"b:365:9:365:34:365:34:365:Infinity":69,"b:368:9:368:Infinity:369:8:369:Infinity":70,"b:368:9:368:35:368:35:368:Infinity":71,"b:371:9:371:Infinity:372:8:372:Infinity":72,"b:371:9:371:34:371:34:371:Infinity":73,"b:374:9:374:Infinity:375:8:375:Infinity":74,"b:374:9:374:32:374:32:374:Infinity":75,"b:379:12:379:32:379:32:379:Infinity":76,"s:382:26:386:Infinity":103,"b:388:2:391:Infinity:undefined:undefined:undefined:undefined":77,"s:388:2:391:Infinity":104,"s:389:4:389:Infinity":105,"s:390:4:390:Infinity":106,"s:393:2:409:Infinity":107,"b:405:12:405:61:405:61:405:Infinity":78,"b:406:12:406:27:406:27:406:Infinity":79,"b:408:16:408:36:408:36:408:Infinity":80}}}
,"/Users/wangchanghao/Projects/AIJournal/webapp/src/lib/reflections/schema.ts": {"path":"/Users/wangchanghao/Projects/AIJournal/webapp/src/lib/reflections/schema.ts","statementMap":{"0":{"start":{"line":4,"column":36},"end":{"line":4,"column":null}},"1":{"start":{"line":6,"column":27},"end":{"line":14,"column":null}},"2":{"start":{"line":16,"column":34},"end":{"line":30,"column":null}},"3":{"start":{"line":34,"column":33},"end":{"line":42,"column":null}},"4":{"start":{"line":44,"column":32},"end":{"line":61,"column":null}},"5":{"start":{"line":55,"column":6},"end":{"line":57,"column":null}},"6":{"start":{"line":56,"column":19},"end":{"line":56,"column":null}},"7":{"start":{"line":63,"column":33},"end":{"line":63,"column":null}},"8":{"start":{"line":69,"column":55},"end":{"line":73,"column":null}}},"fnMap":{"0":{"name":"(anonymous_0)","decl":{"start":{"line":54,"column":4},"end":{"line":54,"column":5}},"loc":{"start":{"line":55,"column":6},"end":{"line":57,"column":null}},"line":55},"1":{"name":"(anonymous_1)","decl":{"start":{"line":56,"column":8},"end":{"line":56,"column":9}},"loc":{"start":{"line":56,"column":19},"end":{"line":56,"column":null}},"line":56}},"branchMap":{"0":{"loc":{"start":{"line":56,"column":19},"end":{"line":56,"column":null}},"type":"binary-expr","locations":[{"start":{"line":56,"column":19},"end":{"line":56,"column":42}},{"start":{"line":56,"column":42},"end":{"line":56,"column":null}}],"line":56}},"s":{"0":1,"1":1,"2":1,"3":1,"4":1,"5":0,"6":0,"7":1,"8":1},"f":{"0":0,"1":0},"b":{"0":[0,0]},"meta":{"lastBranch":1,"lastFunction":2,"lastStatement":9,"seen":{"s:4:36:4:Infinity":0,"s:6:27:14:Infinity":1,"s:16:34:30:Infinity":2,"s:34:33:42:Infinity":3,"s:44:32:61:Infinity":4,"f:54:4:54:5":0,"s:55:6:57:Infinity":5,"f:56:8:56:9":1,"s:56:19:56:Infinity":6,"b:56:19:56:42:56:42:56:Infinity":0,"s:63:33:63:Infinity":7,"s:69:55:73:Infinity":8}}}
}
